Survex 1.0.27
Copyright (C) 1990-2004 Olly Betts
Survey has no fixed points. Therefore I've fixed julie.1 at (0,0,0)

Removing trailing traverses...

Concatenating traverses between nodes...

Simplifying network...

Calculating network...

Calculating traverses between nodes...

Calculating trailing traverses...

Calculating statistics...

Survey contains 17 survey stations, joined by 16 legs.
There are 0 loops.
Total length of survey legs =   78.30m (  78.30m adjusted)
Total plan length of survey legs =   71.55m
Total vertical length of survey legs =   23.08m
Vertical range = 9.84m (from julie.17 at 6.98m to julie.12 at -2.87m)
North-South range = 36.77m (from julie.16 at 36.77m to julie.1 at 0.00m)
East-West range = 35.60m (from julie.17 at 35.60m to julie.1 at 0.00m)
   6 1-nodes.
   9 2-nodes.
   1 3-node.
   1 5-node.
CPU time used  0.11s
Done.
