surf.00.s1.m10 - surf.00.s1.18
Original length  21.24m (  1 legs), moved   0.48m ( 0.48m/leg). Error   2.24%
1.765759
H: 1.324317 V: 2.156412

garden.garden-ent.bclent2.0 - garden.garden-ent.bclent2.1 - garden.garden-ent.bclent2.2 - garden.garden-ent.bclent2.3 - garden.garden-ent.bclent2.4 - garden.garden-ent.bclent2.5 - garden.garden-ent.bclent2.6 - garden.garden-ent.bclent2.7 - garden.garden-ent.bclent2.8 - garden.garden-ent.bclent2.9 - garden.garden-ent.bclent2.10 - garden.garden-ent.bclent2.11 - garden.garden-ent.bclent2.12 - garden.garden-ent.bclent2.13 - garden.garden-ent.bclent2.14 - garden.garden-ent.bclent2.15 = garden.garden-ent.laurel.18 - garden.garden-ent.laurel.17 - garden.garden-ent.laurel.16 - garden.garden-ent.laurel.15 - garden.garden-ent.laurel.14 - garden.garden-ent.laurel.13 - garden.garden-ent.laurel.12 - garden.garden-ent.laurel.11
Original length 131.39m ( 22 legs), moved   1.81m ( 0.08m/leg). Error   1.37%
3.940044
H: 4.867016 V: 0.038380

garden.garden-low.fallsrd.1 - garden.garden-low.fallsrd.2 - garden.garden-low.fallsrd.3 - garden.garden-low.fallsrd.4 - garden.garden-low.fallsrd.5 = garden.kangaroo.fools_road.3 - garden.kangaroo.fools_road.4 - garden.kangaroo.fools_road.5 = garden.kangaroo.free_amalgamation.1 - garden.kangaroo.free_amalgamation.2 - garden.kangaroo.free_amalgamation.3 - garden.kangaroo.free_amalgamation.4 - garden.kangaroo.free_amalgamation.5 - garden.kangaroo.free_amalgamation.6 - garden.kangaroo.free_amalgamation.7 - garden.kangaroo.free_amalgamation.8 - garden.kangaroo.free_amalgamation.9 - garden.kangaroo.free_amalgamation.10 = garden.kangaroo.happy_monday.1 - garden.kangaroo.happy_monday.2 - garden.kangaroo.happy_monday.3 - garden.kangaroo.happy_monday.4 - garden.kangaroo.happy_monday.5 - garden.kangaroo.happy_monday.6 = garden.kangaroo.walk_the_line_b.1 - garden.kangaroo.walk_the_line_b.2 - garden.kangaroo.walk_the_line_b.3 - garden.kangaroo.walk_the_line_b.4 - garden.kangaroo.walk_the_line_b.5 - garden.kangaroo.walk_the_line_b.6 - garden.kangaroo.walk_the_line_b.7 - garden.kangaroo.walk_the_line_b.8 - garden.kangaroo.walk_the_line_b.9 - garden.kangaroo.walk_the_line_b.10 - garden.kangaroo.walk_the_line_b.11 - garden.kangaroo.walk_the_line_b.12 - garden.kangaroo.walk_the_line_b.13 - garden.kangaroo.walk_the_line_b.14 = garden.kangaroo.walk_the_line.1 - garden.kangaroo.walk_the_line.2 - garden.kangaroo.walk_the_line.3 - garden.kangaroo.walk_the_line.4 - garden.kangaroo.walk_the_line.5 - garden.kangaroo.walk_the_line.6 - garden.kangaroo.walk_the_line.7 - garden.kangaroo.walk_the_line.8 - garden.kangaroo.walk_the_line.9 - garden.kangaroo.walk_the_line.10 - garden.kangaroo.walk_the_line.11 - garden.kangaroo.walk_the_line.12 - garden.kangaroo.walk_the_line.13 - garden.kangaroo.walk_the_line.14 = garden.kangaroo.wet_hammer.1 - garden.kangaroo.wet_hammer.2 - garden.kangaroo.wet_hammer.3 - garden.kangaroo.wet_hammer.4 - garden.kangaroo.wet_hammer.5 - garden.kangaroo.wet_hammer.6 - garden.kangaroo.wet_hammer.7 - garden.kangaroo.wet_hammer.8 - garden.kangaroo.wet_hammer.9 - garden.kangaroo.wet_hammer.10 - garden.kangaroo.wet_hammer.11 = garden.kangaroo.mirage_canyon.1 - garden.kangaroo.mirage_canyon.2 - garden.kangaroo.mirage_canyon.3 - garden.kangaroo.mirage_canyon.4 - garden.kangaroo.mirage_canyon.5 - garden.kangaroo.mirage_canyon.6 = garden.kangaroo.dark_tranquillity.1 - garden.kangaroo.dark_tranquillity.2 - garden.kangaroo.dark_tranquillity.3 - garden.kangaroo.dark_tranquillity.4 - garden.kangaroo.dark_tranquillity.5 - garden.kangaroo.dark_tranquillity.6 = garden.kangaroo.intravenus_de_milo.3 - garden.kangaroo.intravenus_de_milo.2 - garden.kangaroo.intravenus_de_milo.1 - garden.kangaroo.intravenus_de_milo.4 - garden.kangaroo.intravenus_de_milo.5 - garden.kangaroo.intravenus_de_milo.6 - garden.kangaroo.intravenus_de_milo.7 - garden.kangaroo.intravenus_de_milo.8 - garden.kangaroo.intravenus_de_milo.9 - garden.kangaroo.intravenus_de_milo.10 = garden.kangaroo.kill_em_all.1 - garden.kangaroo.kill_em_all.2 - garden.kangaroo.kill_em_all.4 - garden.kangaroo.kill_em_all.5 - garden.kangaroo.kill_em_all.6 - garden.kangaroo.kill_em_all.7 - garden.kangaroo.kill_em_all.8 - garden.kangaroo.kill_em_all.9 - garden.kangaroo.kill_em_all.10 - garden.kangaroo.kill_em_all.11 - garden.kangaroo.kill_em_all.12 - garden.kangaroo.kill_em_all.13 - garden.kangaroo.kill_em_all.14 - garden.kangaroo.kill_em_all.15 - garden.kangaroo.kill_em_all.16 - garden.kangaroo.kill_em_all.17 - garden.kangaroo.kill_em_all.18 = garden.kangaroo.mudslump.6 - garden.kangaroo.mudslump.7 - garden.kangaroo.mudslump.8 - garden.kangaroo.mudslump.9 - garden.kangaroo.mudslump.10 - garden.kangaroo.mudslump.11 - garden.kangaroo.mudslump.12 - garden.kangaroo.mudslump.13 - garden.kangaroo.mudslump.14 - garden.kangaroo.mudslump.15 - garden.kangaroo.mudslump.16 - garden.kangaroo.mudslump.17 - garden.kangaroo.mudslump.18 - garden.kangaroo.mudslump.19 - garden.kangaroo.mudslump.20 - garden.kangaroo.mudslump.21 - garden.kangaroo.mudslump.22 = garden.kangaroo.mudslump.5 - garden.kangaroo.mudslump.4 = garden.kangaroo.mudslump.23 - garden.kangaroo.mudslump.24 - garden.kangaroo.mudslump.25 - garden.kangaroo.mudslump.26 - garden.kangaroo.mudslump.27 - garden.kangaroo.mudslump.28 = garden.kangaroo.scrotty.21 - garden.kangaroo.scrotty.20 - garden.kangaroo.scrotty.19 - garden.kangaroo.scrotty.18 - garden.kangaroo.scrotty.17 - garden.kangaroo.scrotty.16 - garden.kangaroo.scrotty.15 - garden.kangaroo.scrotty.14 - garden.kangaroo.scrotty.13b - garden.kangaroo.scrotty.13 - garden.kangaroo.scrotty.12 - garden.kangaroo.scrotty.11 - garden.kangaroo.scrotty.10 - garden.kangaroo.scrotty.9 - garden.kangaroo.scrotty.8 - garden.kangaroo.scrotty.6 - garden.kangaroo.scrotty.5 - garden.kangaroo.scrotty.4 - garden.kangaroo.scrotty.3 - garden.kangaroo.scrotty.2 - garden.kangaroo.scrotty.1 = garden.kangaroo.bonus.0 - garden.kangaroo.bonus.1 - garden.kangaroo.bonus.2 - garden.kangaroo.bonus.3 - garden.kangaroo.bonus.4 - garden.kangaroo.bonus.5 - garden.kangaroo.bonus.6 - garden.kangaroo.bonus.7 - garden.kangaroo.bonus.8 - garden.kangaroo.bonus.9 - garden.kangaroo.bonus.10 - garden.kangaroo.bonus.11 - garden.kangaroo.bonus.12 - garden.kangaroo.bonus.13 - garden.kangaroo.bonus.14 - garden.kangaroo.bonus.15 - garden.kangaroo.bonus.16 - garden.kangaroo.bonus.17 - garden.kangaroo.bonus.18 = garden.kangaroo.zubafu.10 - garden.kangaroo.zubafu.9 - garden.kangaroo.zubafu.8 - garden.kangaroo.zubafu.7 - garden.kangaroo.zubafu.6 - garden.kangaroo.zubafu.5 - garden.kangaroo.zubafu.4 - garden.kangaroo.zubafu.3 - garden.kangaroo.zubafu.2 - garden.kangaroo.zubafu.1 = garden.kangaroo.kangaroo01.0 - garden.kangaroo.kangaroo01.1 - garden.kangaroo.kangaroo01.2 - garden.kangaroo.kangaroo01.3 - garden.kangaroo.kangaroo01.4 - garden.kangaroo.kangaroo01.5 - garden.kangaroo.kangaroo01.6 - garden.kangaroo.kangaroo01.7 - garden.kangaroo.kangaroo01.8 - garden.kangaroo.kangaroo01.9 - garden.kangaroo.kangaroo01.10 - garden.kangaroo.kangaroo01.11 = garden.kangaroo.kangaroo01.12 - garden.kangaroo.kangaroo01.13 - garden.kangaroo.kangaroo01.14 - garden.kangaroo.kangaroo01.15 - garden.kangaroo.kangaroo01.16 - garden.kangaroo.kangaroo01.17 - garden.kangaroo.kangaroo01.18 - garden.kangaroo.kangaroo01.19 - garden.kangaroo.kangaroo01.20 - garden.kangaroo.kangaroo01.21 - garden.kangaroo.kangaroo01.22 - garden.kangaroo.kangaroo01.23 - garden.kangaroo.kangaroo01.24 = garden.kangaroo.pico.13 = garden.garden-ent.pico.13
Original length 987.74m (183 legs), moved  17.07m ( 0.09m/leg). Error   1.73%
12.927514
H: 14.985132 V: 6.493104

garden.garden-low.friend.4 - garden.garden-low.friend.5 - garden.garden-low.friend.6 - garden.garden-low.friend.7 - garden.garden-low.friend.8 - garden.garden-low.friend.9 - garden.garden-low.friend.10 - garden.garden-low.friend.11 - garden.garden-low.friend.12 - garden.garden-low.friend.13 - garden.garden-low.friend.14 - garden.garden-low.friend.15 - garden.garden-low.friend.16 - garden.garden-low.friend.17 - garden.garden-low.friend.3b
Original length 170.65m ( 14 legs), moved   9.19m ( 0.66m/leg). Error   5.39%
13.875208
H: 18.569756 V: 1.309366

garden.garden-low.leprachaun.31 - garden.garden-low.leprachaun.32 - garden.garden-low.leprachaun.33 = garden.garden-low.highway32.1 - garden.garden-low.highway32.2 - garden.garden-low.highway32.3 - garden.garden-low.highway32.4 - garden.garden-low.highway32.5 - garden.garden-low.highway32.6 - garden.garden-low.highway32.7 - garden.garden-low.highway32.8 - garden.garden-low.highway32.9 - garden.garden-low.highway32.10 - garden.garden-low.highway32.11 - garden.garden-low.highway32.12 - garden.garden-low.highway32.13 - garden.garden-low.highway32.14 - garden.garden-low.highway32.15 - garden.garden-low.highway32.16 - garden.garden-low.highway32.22 - garden.garden-low.highway32.23 - garden.garden-low.highway32.24 - garden.garden-low.highway32.25 - garden.garden-low.highway32.26 - garden.garden-low.highway32.27 - garden.garden-low.highway32.28 - garden.garden-low.highway32.29 - garden.garden-low.highway32.30 - garden.garden-low.highway32.31 - garden.garden-low.highway32.32 = garden.garden-low.candymountain.1 - garden.garden-low.candymountain.2 - garden.garden-low.candymountain.3 - garden.garden-low.candymountain.4 - garden.garden-low.candymountain.5 - garden.garden-low.candymountain.6 - garden.garden-low.candymountain.7 - garden.garden-low.candymountain.8 - garden.garden-low.candymountain.9 - garden.garden-low.candymountain.10 - garden.garden-low.candymountain.11 = garden.garden-low.friend.23 - garden.garden-low.friend.24 - garden.garden-low.friend.25 - garden.garden-low.friend.26 - garden.garden-low.friend.27 - garden.garden-low.friend.28 - garden.garden-low.friend.29 - garden.garden-low.friend.30 - garden.garden-low.friend.22 - garden.garden-low.friend.31 - garden.garden-low.friend.32 - garden.garden-low.friend.33 - garden.garden-low.friend.34 - garden.garden-low.friend.35 - garden.garden-low.friend.36 - garden.garden-low.friend.37 - garden.garden-low.friend.4
Original length 404.01m ( 54 legs), moved   7.29m ( 0.14m/leg). Error   1.80%
8.179782
H: 9.371235 V: 5.694026

garden.garden-low.crack_in_time.carbide - garden.garden-low.crack_in_time.1 - garden.garden-low.crack_in_time.2 - garden.garden-low.crack_in_time.3 - garden.garden-low.crack_in_time.4 - garden.garden-low.crack_in_time.5 - garden.garden-low.crack_in_time.6 - garden.garden-low.crack_in_time.7 - garden.garden-low.crack_in_time.8 - garden.garden-low.crack_in_time.9 = garden.garden-low.sidewinder.8 - garden.garden-low.sidewinder.7 - garden.garden-low.sidewinder.6 - garden.garden-low.sidewinder.5 - garden.garden-low.sidewinder.4 - garden.garden-low.sidewinder.3 - garden.garden-low.sidewinder.2 - garden.garden-low.sidewinder.1 = garden.garden-low.blackknight.13 - garden.garden-low.blackknight.12 - garden.garden-low.blackknight.11 - garden.garden-low.blackknight.10 - garden.garden-low.blackknight.9 - garden.garden-low.blackknight.8 - garden.garden-low.blackknight.7 - garden.garden-low.blackknight.6 - garden.garden-low.blackknight.5 - garden.garden-low.blackknight.4 - garden.garden-low.blackknight.1 - garden.garden-low.blackknight.14 - garden.garden-low.blackknight.15 - garden.garden-low.blackknight.16 - garden.garden-low.blackknight.17 = garden.garden-low.korita.14 - garden.garden-low.korita.15 - garden.garden-low.korita.16 - garden.garden-low.korita.17 - garden.garden-low.korita.18 - garden.garden-low.korita.5 - garden.garden-low.korita.6 - garden.garden-low.korita.7 - garden.garden-low.korita.8 - garden.garden-low.korita.9 - garden.garden-low.korita.10 - garden.garden-low.korita.11 - garden.garden-low.korita.12 - garden.garden-low.korita.3 - garden.garden-low.korita.2 - garden.garden-low.korita.1 = garden.garden-low.eggsplosive.1 - garden.garden-low.eggsplosive.2 - garden.garden-low.eggsplosive.3 - garden.garden-low.eggsplosive.4 - garden.garden-low.eggsplosive.5 - garden.garden-low.eggsplosive.6 - garden.garden-low.eggsplosive.7 - garden.garden-low.eggsplosive.8 - garden.garden-low.eggsplosive.9 - garden.garden-low.eggsplosive.10 - garden.garden-low.eggsplosive.11 = garden.garden-low.belowzimmer.7 - garden.garden-low.belowzimmer.8 - garden.garden-low.belowzimmer.9 - garden.garden-low.belowzimmer.10 - garden.garden-low.belowzimmer.6 - garden.garden-low.belowzimmer.5 - garden.garden-low.belowzimmer.2 - garden.garden-low.belowzimmer.1 - garden.garden-low.belowzimmer.3 - garden.garden-low.belowzimmer.4 = garden.garden-low.friend.3b
Original length 332.35m ( 64 legs), moved   5.74m ( 0.09m/leg). Error   1.73%
7.493679
H: 8.473537 V: 5.039313

garden.garden-low.envy.3 - garden.garden-low.envy.4 - garden.garden-low.envy.5 - garden.garden-low.envy.6 - garden.garden-low.envy.7 - garden.garden-low.envy.8 - garden.garden-low.envy.9 - garden.garden-low.envy.10 - garden.garden-low.envy.11 - garden.garden-low.envy.12 = garden.garden-low.mad_cow.45 - garden.garden-low.mad_cow.44 - garden.garden-low.mad_cow.43 - garden.garden-low.mad_cow.42 - garden.garden-low.mad_cow.41 - garden.garden-low.mad_cow.40 - garden.garden-low.mad_cow.39 - garden.garden-low.mad_cow.38 - garden.garden-low.mad_cow.37 - garden.garden-low.mad_cow.36 - garden.garden-low.mad_cow.35 - garden.garden-low.mad_cow.34 - garden.garden-low.mad_cow.33 - garden.garden-low.mad_cow.32 - garden.garden-low.mad_cow.31 - garden.garden-low.mad_cow.30 - garden.garden-low.mad_cow.29 - garden.garden-low.mad_cow.28 - garden.garden-low.mad_cow.27 - garden.garden-low.mad_cow.26 - garden.garden-low.mad_cow.25 - garden.garden-low.mad_cow.24 - garden.garden-low.mad_cow.23 - garden.garden-low.mad_cow.22 - garden.garden-low.mad_cow.21 - garden.garden-low.mad_cow.20 - garden.garden-low.mad_cow.19 - garden.garden-low.mad_cow.18 - garden.garden-low.mad_cow.17 - garden.garden-low.mad_cow.16 - garden.garden-low.mad_cow.15 - garden.garden-low.mad_cow.14 = garden.garden-low.weepeople.24 - garden.garden-low.weepeople.23 - garden.garden-low.weepeople.22 - garden.garden-low.weepeople.21 - garden.garden-low.weepeople.20 - garden.garden-low.weepeople.19 - garden.garden-low.weepeople.18 - garden.garden-low.weepeople.17 - garden.garden-low.weepeople.16 - garden.garden-low.weepeople.15 - garden.garden-low.weepeople.14 - garden.garden-low.weepeople.13 - garden.garden-low.weepeople.12 - garden.garden-low.weepeople.11 - garden.garden-low.weepeople.10 - garden.garden-low.weepeople.9 - garden.garden-low.weepeople.8 - garden.garden-low.weepeople.7 - garden.garden-low.weepeople.6 - garden.garden-low.weepeople.5 - garden.garden-low.weepeople.4 - garden.garden-low.weepeople.3 - garden.garden-low.weepeople.2 - garden.garden-low.weepeople.1 - garden.garden-low.weepeople.25 - garden.garden-low.weepeople.26 = garden.garden-low.leprachaun.18 - garden.garden-low.leprachaun.17 - garden.garden-low.leprachaun.16 - garden.garden-low.leprachaun.15 - garden.garden-low.leprachaun.14 - garden.garden-low.leprachaun.13 - garden.garden-low.leprachaun.12 - garden.garden-low.leprachaun.11 - garden.garden-low.leprachaun.10 - garden.garden-low.leprachaun.9 - garden.garden-low.leprachaun.8 - garden.garden-low.leprachaun.7 - garden.garden-low.leprachaun.6 - garden.garden-low.leprachaun.5 - garden.garden-low.leprachaun.4 - garden.garden-low.leprachaun.3 - garden.garden-low.leprachaun.2 - garden.garden-low.leprachaun.1 - garden.garden-low.leprachaun.19 - garden.garden-low.leprachaun.20 - garden.garden-low.leprachaun.21 - garden.garden-low.leprachaun.22 - garden.garden-low.leprachaun.23 - garden.garden-low.leprachaun.24 - garden.garden-low.leprachaun.25 - garden.garden-low.leprachaun.26 - garden.garden-low.leprachaun.27 - garden.garden-low.leprachaun.28 - garden.garden-low.leprachaun.29 - garden.garden-low.leprachaun.30 - garden.garden-low.leprachaun.31
Original length 796.74m ( 95 legs), moved   9.63m ( 0.10m/leg). Error   1.21%
6.962756
H: 2.292777 V: 10.527989

garden.garden-low.envy.3 - garden.garden-low.envy.2 - garden.garden-low.envy.1 = garden.garden-low.greed.3 - garden.garden-low.greed.4 - garden.garden-low.greed.5 - garden.garden-low.greed.6 - garden.garden-low.greed.7 - garden.garden-low.greed.8 - garden.garden-low.greed.9 - garden.garden-low.greed.10 - garden.garden-low.greed.11 - garden.garden-low.greed.12 - garden.garden-low.greed.13 - garden.garden-low.greed.14 - garden.garden-low.greed.15 - garden.garden-low.greed.16 - garden.garden-low.greed.17 - garden.garden-low.greed.18 - garden.garden-low.greed.19 - garden.garden-low.greed.20 - garden.garden-low.greed.21 - garden.garden-low.greed.22 - garden.garden-low.greed.23 = garden.garden-low.cascade.22 - garden.garden-low.cascade.23 - garden.garden-low.cascade.24 - garden.garden-low.cascade.25 - garden.garden-low.cascade.26 - garden.garden-low.cascade.27 - garden.garden-low.cascade.28 - garden.garden-low.cascade.13 - garden.garden-low.cascade.14 - garden.garden-low.cascade.15 - garden.garden-low.cascade.16 - garden.garden-low.cascade.17 - garden.garden-low.cascade.18 - garden.garden-low.cascade.19 - garden.garden-low.cascade.20 - garden.garden-low.cascade.21 - garden.garden-low.cascade.1 - garden.garden-low.cascade.2 - garden.garden-low.cascade.3 - garden.garden-low.cascade.4 - garden.garden-low.cascade.5 - garden.garden-low.cascade.6 - garden.garden-low.cascade.7 - garden.garden-low.cascade.8 - garden.garden-low.cascade.9 - garden.garden-low.cascade.10 - garden.garden-low.cascade.11 - garden.garden-low.cascade.12 = garden.garden-low.leprachaun.31
Original length 260.99m ( 49 legs), moved   4.04m ( 0.08m/leg). Error   1.55%
5.725474
H: 7.056293 V: 1.142698

garden.garden-low.friend.3b - garden.garden-low.friend.3 - garden.garden-low.friend.2 - garden.garden-low.friend.1 = garden.garden-ent.zimmer.3 - garden.garden-ent.zimmer.2 - garden.garden-ent.zimmer.1 = garden.garden-ent.skynet.1 - garden.garden-ent.skynet.2 - garden.garden-ent.skynet.3 - garden.garden-ent.skynet.4 - garden.garden-ent.skynet.5 - garden.garden-ent.skynet.6 - garden.garden-ent.skynet.7 - garden.garden-ent.skynet.8 - garden.garden-ent.skynet.9 = garden.garden-ent.pink2.1 - garden.garden-ent.pink2.2 - garden.garden-ent.pink2.3 - garden.garden-ent.pink2.4 - garden.garden-ent.pink2.5 - garden.garden-ent.pink2.6 - garden.garden-ent.pink2.7 - garden.garden-ent.pink2.8 - garden.garden-ent.pink2.9 - garden.garden-ent.pink2.10 - garden.garden-ent.pink2.11 - garden.garden-ent.pink2.12 - garden.garden-ent.pink2.13 = garden.garden-ent.pink.7 - garden.garden-ent.pink.6 - garden.garden-ent.pink.5 - garden.garden-ent.pink.4 - garden.garden-ent.pink.3 - garden.garden-ent.pink.2 - garden.garden-ent.pink.1 - garden.garden-ent.pink.13 - garden.garden-ent.pink.14 - garden.garden-ent.pink.15 - garden.garden-ent.pink.16 - garden.garden-ent.pink.17 - garden.garden-ent.pink.18 = garden.garden-ent.banzai.12 - garden.garden-ent.banzai.12b - garden.garden-ent.banzai.13 - garden.garden-ent.banzai.14 = garden.garden-ent.alchemy.1 - garden.garden-ent.alchemy.2 - garden.garden-ent.alchemy.3 - garden.garden-ent.alchemy.4 - garden.garden-ent.alchemy.5 - garden.garden-ent.alchemy.6 - garden.garden-ent.alchemy.7 - garden.garden-ent.alchemy.8 = garden.garden-ent.concorde.1 - garden.garden-ent.concorde.2 - garden.garden-ent.concorde.3 - garden.garden-ent.concorde.4 - garden.garden-ent.concorde.5 - garden.garden-ent.concorde.6 = garden.garden-ent.spaceodessey.1 - garden.garden-ent.spaceodessey.2 - garden.garden-ent.spaceodessey.3 - garden.garden-ent.spaceodessey.4 - garden.garden-ent.spaceodessey.5 - garden.garden-ent.spaceodessey.6 = garden.garden-ent.tesselator.1 - garden.garden-ent.tesselator.2 - garden.garden-ent.tesselator.3 - garden.garden-ent.tesselator.4 - garden.garden-ent.tesselator.5 - garden.garden-ent.tesselator.6 - garden.garden-ent.tesselator.7 - garden.garden-ent.tesselator.8 = garden.garden-ent.pico2.1 - garden.garden-ent.pico2.2 - garden.garden-ent.pico2.3 - garden.garden-ent.pico2.4 - garden.garden-ent.pico2.5 - garden.garden-ent.pico2.6 = garden.garden-ent.pico.2 - garden.garden-ent.pico.3 - garden.garden-ent.pico.4 - garden.garden-ent.pico.5 - garden.garden-ent.pico.6 - garden.garden-ent.pico.7 - garden.garden-ent.pico.8 - garden.garden-ent.pico.9 - garden.garden-ent.pico.10 - garden.garden-ent.pico.11 - garden.garden-ent.pico.12 - garden.garden-ent.pico.13
Original length 690.95m ( 80 legs), moved  13.10m ( 0.16m/leg). Error   1.90%
12.234760
H: 14.105529 V: 5.143418

garden.garden-low.consort.14 - garden.garden-low.consort.13 - garden.garden-low.consort.12 - garden.garden-low.consort.15 - garden.garden-low.consort.16 - garden.garden-low.consort.17 - garden.garden-low.consort.14
Original length  37.42m (  6 legs), moved   1.47m ( 0.25m/leg). Error   3.94%
5.573465
H: 6.674334 V: 2.557085

surf.00.s4.ub - surf.00.s4.2 - surf.00.s4.3 - surf.00.s4.4 - surf.00.s4.5 - surf.00.s4.6 - surf.00.s4.7 - surf.00.s4.8 - surf.00.s4.pm = surf.07.surf_prima_planika.7 - surf.07.surf_prima_planika.8 - surf.07.surf_prima_planika.9 - surf.07.surf_prima_planika.10 - surf.07.surf_prima_planika.11 - surf.07.surf_prima_planika.12 - surf.07.surf_prima_planika.6 - surf.07.surf_prima_planika.5 - surf.07.surf_prima_planika.4 - surf.07.surf_prima_planika.3 - surf.07.surf_prima_planika.2 - surf.07.surf_prima_planika.1 = surf.07.surf_ubend_planika.14 - surf.07.surf_ubend_planika.13 - surf.07.surf_ubend_planika.12 - surf.07.surf_ubend_planika.11 - surf.07.surf_ubend_planika.10 - surf.07.surf_ubend_planika.8 - surf.07.surf_ubend_planika.7 - surf.07.surf_ubend_planika.6 - surf.07.surf_ubend_planika.5 - surf.07.surf_ubend_planika.4 - surf.07.surf_ubend_planika.3 - surf.07.surf_ubend_planika.2 - surf.07.surf_ubend_planika.1 = surf.00.s4.ub
Original length 523.76m ( 31 legs), moved   8.79m ( 0.28m/leg). Error   1.68%
6.981594
H: 7.852211 V: 5.249909

surf.96.s1.m10 - surf.96.s1.17 - surf.96.s1.16 - surf.96.s1.15 - surf.96.s1.14 - surf.96.s1.11 - 
Original length 122.09m (  6 legs), moved   2.62m ( 0.44m/leg). Error   2.14%
3.724500
H: 0.905397 V: 5.297717

surf.96.s1.m16 - surf.96.s1.12 - surf.96.s1.9
Original length  26.66m (  2 legs), moved   0.10m ( 0.05m/leg). Error   0.39%
0.420150
H: 0.543769 V: 0.126154

surf.00.s1.m16 - surf.00.s1.26 - surf.00.s1.25 - surf.00.s1.24 - surf.00.s1.23 - surf.00.s1.22 - surf.00.s1.21 - surf.00.s1.20 - surf.00.s1.18
Original length 157.90m (  8 legs), moved   5.67m ( 0.71m/leg). Error   3.59%
7.089174
H: 8.722599 V: 4.625433

surf.96.s1.m18 - surf.96.s1.1 - surf.96.s1.4 - surf.96.s1.5 - surf.96.s1.6 - surf.96.s1.7 - surf.96.s1.8 - surf.96.s1.9
Original length 167.97m (  7 legs), moved   5.00m ( 0.71m/leg). Error   2.98%
6.132588
H: 4.450604 V: 7.573803

surf.00.s2.m18 - surf.00.s2.1 - surf.00.s2.2 - surf.00.s2.3 - surf.00.s2.4 - surf.00.s2.gw
Original length 128.23m (  5 legs), moved   0.00m ( 0.00m/leg). Error   0.00%
0.000000
H: 0.000000 V: 0.000000

surf.96.s2.m15 - surf.96.s2.9
Original length  17.43m (  1 legs), moved   0.19m ( 0.19m/leg). Error   1.11%
0.883260
H: 1.064079 V: 0.567644

surf.01.s0725.m4 - surf.01.s0725.18 - surf.01.s0725.19 - surf.01.s0725.20 - surf.01.s0725.21 - surf.01.s0725.22 - surf.01.s0725.23 - surf.01.s0725.24 - surf.01.s0725.25 - surf.01.s0725.26 - surf.01.s0725.m15
Original length 165.13m ( 10 legs), moved   0.65m ( 0.07m/leg). Error   0.40%
0.906813
H: 1.217562 V: 0.087787

surf.01.s0725.m4 - surf.01.s0725.16 - surf.01.s0725.15 - surf.01.s0725.14 - surf.01.s0725.13 - surf.01.s0725.12 - surf.01.s0725.11 - surf.01.s0725.10 - surf.01.s0725.9 - surf.01.s0725.8 - surf.01.s0725.7 - surf.01.s0725.6 - surf.01.s0725.5 - surf.01.s0725.4 - surf.01.s0725.3 - surf.01.s0725.2 - surf.01.s0725.m10
Original length 206.94m ( 16 legs), moved   5.14m ( 0.32m/leg). Error   2.49%
7.007379
H: 4.612845 V: 9.319490

surf.01.sm10_rv_m17.10 - surf.01.sm10_rv_m17.12 - surf.01.sm10_rv_m17.13 - surf.01.sm10_rv_m17.14 - surf.01.sm10_rv_m17.15 - surf.01.sm10_rv_m17.m17 = surf.96.s2.m17 - surf.96.s2.2 - surf.96.s2.3 - surf.96.s2.4 - surf.96.s2.6 - surf.96.s2.7 - surf.96.s2.8 - surf.96.s2.9
Original length 247.99m ( 12 legs), moved   2.34m ( 0.19m/leg). Error   0.94%
2.270561
H: 2.975651 V: 1.027674

surf.01.sm10_rv_m17.10 - surf.01.sm10_rv_m17.m15 = surf.01.s0725.m15
Original length   5.98m (  1 legs), moved   0.02m ( 0.02m/leg). Error   0.34%
0.199625
H: 0.225170 V: 0.138054

surf.01.sm10_rv_m17.10 - surf.01.sm10_rv_m17.9 - surf.01.sm10_rv_m17.8 - surf.01.sm10_rv_m17.7 - surf.01.sm10_rv_m17.6 - surf.01.sm10_rv_m17.5 - surf.01.sm10_rv_m17.4 - surf.01.sm10_rv_m17.3 - surf.01.sm10_rv_m17.2 - surf.01.sm10_rv_m17.m10 = surf.01.s0725.m10
Original length 251.82m (  9 legs), moved   2.59m ( 0.29m/leg). Error   1.03%
2.242442
H: 2.890373 V: 1.212518

surf.01.sm16_m4_m18.6 - surf.01.sm16_m4_m18.14 - surf.01.sm16_m4_m18.15 - surf.01.sm16_m4_m18.16 - surf.01.sm16_m4_m18.17 - surf.01.sm16_m4_m18.18 - surf.01.sm16_m4_m18.19 - surf.01.sm16_m4_m18.m18 = surf.00.s2.m18
Original length  90.72m (  7 legs), moved   1.78m ( 0.25m/leg). Error   1.97%
3.565098
H: 2.623118 V: 4.493932

surf.01.sm16_m4_m18.6 - surf.01.sm16_m4_m18.7 - surf.01.sm16_m4_m18.8 - surf.01.sm16_m4_m18.9 - surf.01.sm16_m4_m18.12 - surf.01.sm16_m4_m18.m4 = surf.01.s0725.m4
Original length  60.79m (  5 legs), moved   1.80m ( 0.36m/leg). Error   2.97%
4.575985
H: 4.150468 V: 5.057106

surf.01.sm16_m4_m18.6 - surf.01.sm16_m4_m18.5 - surf.01.sm16_m4_m18.4 - surf.01.sm16_m4_m18.3 - surf.01.sm16_m4_m18.2 - surf.01.sm16_m4_m18.m16 = surf.00.s1.m16
Original length  87.16m (  5 legs), moved   3.02m ( 0.60m/leg). Error   3.47%
5.576140
H: 7.519492 V: 1.366047

surf.08.surf_gardenvilinska.1 - surf.08.surf_gardenvilinska.2 - surf.08.surf_gardenvilinska.3 - surf.08.surf_gardenvilinska.4 - surf.08.surf_gardenvilinska.5 - surf.08.surf_gardenvilinska.6 - surf.08.surf_gardenvilinska.7 - surf.08.surf_gardenvilinska.8 = garden.vilinska.vilinent.1 - garden.vilinska.vilinent.2 - garden.vilinska.vilinent.3 - garden.vilinska.vilinent.4 - garden.vilinska.vilinent.5 - garden.vilinska.vilinent.6 - garden.vilinska.vilinent.7 - garden.vilinska.vilinent.8 - garden.vilinska.vilinent.9 - garden.vilinska.vilinent.10 - garden.vilinska.vilinent.11 - garden.vilinska.vilinent.12 - garden.vilinska.vilinent.13 - garden.vilinska.vilinent.14 - garden.vilinska.vilinent.15 - garden.vilinska.vilinent.16 - garden.vilinska.vilinent.17 - garden.vilinska.vilinent.18 - garden.vilinska.vilinent.19 - garden.vilinska.vilinent.20 - garden.vilinska.vilinent.21 = garden.vilinska.breakitdown.9 - garden.vilinska.breakitdown.8 - garden.vilinska.breakitdown.7 - garden.vilinska.breakitdown.6 - garden.vilinska.breakitdown.5 - garden.vilinska.breakitdown.4 - garden.vilinska.breakitdown.3 - garden.vilinska.breakitdown.2 - garden.vilinska.breakitdown.1 = garden.vilinska.vilcon.1 - garden.vilinska.vilcon.2 - garden.vilinska.vilcon.3 - garden.vilinska.vilcon.4 - garden.vilinska.vilcon.5 - garden.vilinska.vilcon.6 - garden.vilinska.vilcon.7 - garden.vilinska.vilcon.8 - garden.vilinska.vilcon.9 - garden.vilinska.vilcon.10 - garden.vilinska.vilcon.11 - garden.vilinska.vilcon.12 = garden.garden-ent.laurel.11
Original length 257.61m ( 46 legs), moved   4.89m ( 0.11m/leg). Error   1.90%
6.301981
H: 8.016006 V: 1.092132

surf.96.s2.m10 - surf.96.s2.22 - surf.96.s2.21 - surf.96.s2.20 - surf.96.s2.19 - surf.96.s2.16 - surf.96.s2.15 - surf.96.s2.14 - surf.96.s2.13 - surf.96.s2.12 - surf.96.s2.11 - surf.96.s2.9
Original length 254.92m ( 11 legs), moved   1.35m ( 0.12m/leg). Error   0.53%
1.365780
H: 1.320959 V: 1.413662

