surf.00.s1.m10 - surf.00.s1.18
Original length  21.24m (  1 legs), moved   0.48m ( 0.48m/leg). Error   2.24%
1.765759
H: 1.324317 V: 2.156412

surf.00.s4.ub - surf.00.s4.2 - surf.00.s4.3 - surf.00.s4.4 - surf.00.s4.5 - surf.00.s4.6 - surf.00.s4.7 - surf.00.s4.8 - surf.00.s4.pm = surf.07.surf_prima_planika.7 - surf.07.surf_prima_planika.8 - surf.07.surf_prima_planika.9 - surf.07.surf_prima_planika.10 - surf.07.surf_prima_planika.11 - surf.07.surf_prima_planika.12 - surf.07.surf_prima_planika.6 - surf.07.surf_prima_planika.5 - surf.07.surf_prima_planika.4 - surf.07.surf_prima_planika.3 - surf.07.surf_prima_planika.2 - surf.07.surf_prima_planika.1 = surf.07.surf_ubend_planika.14 - surf.07.surf_ubend_planika.13 - surf.07.surf_ubend_planika.12 - surf.07.surf_ubend_planika.11 - surf.07.surf_ubend_planika.10 - surf.07.surf_ubend_planika.8 - surf.07.surf_ubend_planika.7 - surf.07.surf_ubend_planika.6 - surf.07.surf_ubend_planika.5 - surf.07.surf_ubend_planika.4 - surf.07.surf_ubend_planika.3 - surf.07.surf_ubend_planika.2 - surf.07.surf_ubend_planika.1 = surf.00.s4.ub
Original length 523.76m ( 31 legs), moved   8.79m ( 0.28m/leg). Error   1.68%
6.981594
H: 7.852211 V: 5.249909

surf.96.s1.m10 - surf.96.s1.17 - surf.96.s1.16 - surf.96.s1.15 - surf.96.s1.14 - surf.96.s1.11 - 
Original length 122.09m (  6 legs), moved   2.62m ( 0.44m/leg). Error   2.14%
3.724500
H: 0.905397 V: 5.297717

surf.96.s1.m16 - surf.96.s1.12 - surf.96.s1.9
Original length  26.66m (  2 legs), moved   0.10m ( 0.05m/leg). Error   0.39%
0.420150
H: 0.543769 V: 0.126154

surf.00.s1.m16 - surf.00.s1.26 - surf.00.s1.25 - surf.00.s1.24 - surf.00.s1.23 - surf.00.s1.22 - surf.00.s1.21 - surf.00.s1.20 - surf.00.s1.18
Original length 157.90m (  8 legs), moved   5.67m ( 0.71m/leg). Error   3.59%
7.089174
H: 8.722599 V: 4.625433

surf.96.s2.m15 - surf.96.s2.9
Original length  17.43m (  1 legs), moved   0.19m ( 0.19m/leg). Error   1.11%
0.883260
H: 1.064079 V: 0.567644

surf.01.s0725.m4 - surf.01.s0725.18 - surf.01.s0725.19 - surf.01.s0725.20 - surf.01.s0725.21 - surf.01.s0725.22 - surf.01.s0725.23 - surf.01.s0725.24 - surf.01.s0725.25 - surf.01.s0725.26 - surf.01.s0725.m15
Original length 165.13m ( 10 legs), moved   0.65m ( 0.07m/leg). Error   0.40%
0.906813
H: 1.217562 V: 0.087787

surf.01.s0725.m4 - surf.01.s0725.16 - surf.01.s0725.15 - surf.01.s0725.14 - surf.01.s0725.13 - surf.01.s0725.12 - surf.01.s0725.11 - surf.01.s0725.10 - surf.01.s0725.9 - surf.01.s0725.8 - surf.01.s0725.7 - surf.01.s0725.6 - surf.01.s0725.5 - surf.01.s0725.4 - surf.01.s0725.3 - surf.01.s0725.2 - surf.01.s0725.m10
Original length 206.94m ( 16 legs), moved   5.14m ( 0.32m/leg). Error   2.49%
7.007379
H: 4.612845 V: 9.319490

surf.01.sm10_rv_m17.10 - surf.01.sm10_rv_m17.12 - surf.01.sm10_rv_m17.13 - surf.01.sm10_rv_m17.14 - surf.01.sm10_rv_m17.15 - surf.01.sm10_rv_m17.m17 = surf.96.s2.m17 - surf.96.s2.2 - surf.96.s2.3 - surf.96.s2.4 - surf.96.s2.6 - surf.96.s2.7 - surf.96.s2.8 - surf.96.s2.9
Original length 247.99m ( 12 legs), moved   2.34m ( 0.19m/leg). Error   0.94%
2.270561
H: 2.975651 V: 1.027674

surf.01.sm10_rv_m17.10 - surf.01.sm10_rv_m17.m15 = surf.01.s0725.m15
Original length   5.98m (  1 legs), moved   0.02m ( 0.02m/leg). Error   0.34%
0.199625
H: 0.225170 V: 0.138054

surf.01.sm10_rv_m17.10 - surf.01.sm10_rv_m17.9 - surf.01.sm10_rv_m17.8 - surf.01.sm10_rv_m17.7 - surf.01.sm10_rv_m17.6 - surf.01.sm10_rv_m17.5 - surf.01.sm10_rv_m17.4 - surf.01.sm10_rv_m17.3 - surf.01.sm10_rv_m17.2 - surf.01.sm10_rv_m17.m10 = surf.01.s0725.m10
Original length 251.82m (  9 legs), moved   2.59m ( 0.29m/leg). Error   1.03%
2.242442
H: 2.890373 V: 1.212518

surf.01.sm16_m4_m18.6 - surf.01.sm16_m4_m18.14 - surf.01.sm16_m4_m18.15 - surf.01.sm16_m4_m18.16 - surf.01.sm16_m4_m18.17 - surf.01.sm16_m4_m18.18 - surf.01.sm16_m4_m18.19 - surf.01.sm16_m4_m18.m18 = surf.00.s2.m18
Original length  90.73m (  7 legs), moved   1.78m ( 0.25m/leg). Error   1.97%
3.565098
H: 2.623118 V: 4.493932

surf.01.sm16_m4_m18.6 - surf.01.sm16_m4_m18.7 - surf.01.sm16_m4_m18.8 - surf.01.sm16_m4_m18.9 - surf.01.sm16_m4_m18.12 - surf.01.sm16_m4_m18.m4 = surf.01.s0725.m4
Original length  60.79m (  5 legs), moved   1.80m ( 0.36m/leg). Error   2.97%
4.575985
H: 4.150468 V: 5.057106

surf.01.sm16_m4_m18.6 - surf.01.sm16_m4_m18.5 - surf.01.sm16_m4_m18.4 - surf.01.sm16_m4_m18.3 - surf.01.sm16_m4_m18.2 - surf.01.sm16_m4_m18.m16 = surf.00.s1.m16
Original length  87.16m (  5 legs), moved   3.02m ( 0.60m/leg). Error   3.47%
5.576140
H: 7.519492 V: 1.366047

surf.08.surf_gardenvilinska.1 - surf.08.surf_gardenvilinska.2 - surf.08.surf_gardenvilinska.3 - surf.08.surf_gardenvilinska.4 - surf.08.surf_gardenvilinska.5 - surf.08.surf_gardenvilinska.6 - surf.08.surf_gardenvilinska.7 - surf.08.surf_gardenvilinska.8 = garden.vilinska.vilinent.1 - garden.vilinska.vilinent.2 - garden.vilinska.vilinent.3 - garden.vilinska.vilinent.4 - garden.vilinska.vilinent.5 - garden.vilinska.vilinent.6 - garden.vilinska.vilinent.7 - garden.vilinska.vilinent.8 - garden.vilinska.vilinent.9 - garden.vilinska.vilinent.10 - garden.vilinska.vilinent.11 - garden.vilinska.vilinent.12 - garden.vilinska.vilinent.13 - garden.vilinska.vilinent.14 - garden.vilinska.vilinent.15 - garden.vilinska.vilinent.16 - garden.vilinska.vilinent.17 - garden.vilinska.vilinent.18 - garden.vilinska.vilinent.19 - garden.vilinska.vilinent.20 - garden.vilinska.vilinent.21 = garden.vilinska.breakitdown.9 - garden.vilinska.breakitdown.8 - garden.vilinska.breakitdown.7 - garden.vilinska.breakitdown.6 - garden.vilinska.breakitdown.5 - garden.vilinska.breakitdown.4 - garden.vilinska.breakitdown.3 - garden.vilinska.breakitdown.2 - garden.vilinska.breakitdown.1 = garden.vilinska.vilcon.1 - garden.vilinska.vilcon.2 - garden.vilinska.vilcon.3 - garden.vilinska.vilcon.4 - garden.vilinska.vilcon.5 - garden.vilinska.vilcon.6 - garden.vilinska.vilcon.7 - garden.vilinska.vilcon.8 - garden.vilinska.vilcon.9 - garden.vilinska.vilcon.10 - garden.vilinska.vilcon.11 - garden.vilinska.vilcon.12 = garden.garden-ent.laurel.11 - garden.garden-ent.laurel.12 - garden.garden-ent.laurel.13 - garden.garden-ent.laurel.14 - garden.garden-ent.laurel.15 - garden.garden-ent.laurel.16 - garden.garden-ent.laurel.17 - garden.garden-ent.laurel.18 = garden.garden-ent.bclent2.15 - garden.garden-ent.bclent2.14 - garden.garden-ent.bclent2.13 - garden.garden-ent.bclent2.12 - garden.garden-ent.bclent2.11 - garden.garden-ent.bclent2.10 - garden.garden-ent.bclent2.9 - garden.garden-ent.bclent2.8 - garden.garden-ent.bclent2.7 - garden.garden-ent.bclent2.6 - garden.garden-ent.bclent2.5 - garden.garden-ent.bclent2.4 - garden.garden-ent.bclent2.3 - garden.garden-ent.bclent2.2 - garden.garden-ent.bclent2.1 - garden.garden-ent.bclent2.0 = surf.01.sfr_gw.gw = surf.00.s5.gw
Original length 389.00m ( 68 legs), moved   6.68m ( 0.10m/leg). Error   1.72%
7.414473
H: 9.370360 V: 0.936148

surf.96.s2.m10 - surf.96.s2.22 - surf.96.s2.21 - surf.96.s2.20 - surf.96.s2.19 - surf.96.s2.16 - surf.96.s2.15 - surf.96.s2.14 - surf.96.s2.13 - surf.96.s2.12 - surf.96.s2.11 - surf.96.s2.9
Original length 254.92m ( 11 legs), moved   1.35m ( 0.12m/leg). Error   0.53%
1.365780
H: 1.320959 V: 1.413662

system.m18.torn.26 - system.m18.torn.25 - system.m18.torn.24 - system.m18.torn.23 - system.m18.torn.22 - system.m18.torn.21 - system.m18.torn.20 - system.m18.torn.19 - system.m18.torn.18 - system.m18.torn.17 - system.m18.torn.16 - system.m18.torn.15 - system.m18.torn.14 - system.m18.torn.13 - system.m18.torn.12 - system.m18.torn.11 - system.m18.torn.10 - system.m18.torn.9 - system.m18.torn.8 - system.m18.torn.7 - system.m18.torn.6 - system.m18.torn.5 - system.m18.torn.4 - system.m18.torn.3 - system.m18.torn.2 = system.m18.lowerrift.2 - system.m18.lowerrift.100 - system.m18.lowerrift.101 - system.m18.lowerrift.102 - system.m18.lowerrift.103 - system.m18.lowerrift.104 - system.m18.lowerrift.105 - system.m18.lowerrift.106 - system.m18.lowerrift.107 - system.m18.lowerrift.108 - system.m18.lowerrift.109 - system.m18.lowerrift.110 - system.m18.lowerrift.111 - system.m18.lowerrift.112 - system.m18.lowerrift.113 - system.m18.lowerrift.114 - system.m18.lowerrift.115 - system.m18.lowerrift.116 - system.m18.lowerrift.117 - system.m18.lowerrift.118 - system.m18.lowerrift.119 - system.m18.lowerrift.120 - system.m18.lowerrift.121 - system.m18.lowerrift.122 - system.m18.lowerrift.123 - system.m18.lowerrift.124 = system.m18.turtle.18 - system.m18.turtle.17 - system.m18.turtle.16 - system.m18.turtle.15 - system.m18.turtle.14 - system.m18.turtle.13 - system.m18.turtle.12 - system.m18.turtle.11 - system.m18.turtle.10 - system.m18.turtle.9 - system.m18.turtle.6 - system.m18.turtle.8 = system.m18.shreddie.8 - system.m18.shreddie.9 - system.m18.shreddie.12 - system.m18.shreddie.13 - system.m18.shreddie.14 - system.m18.shreddie.15 - system.m18.shreddie.16 - system.m18.shreddie.17 - system.m18.shreddie.18 - system.m18.shreddie.19 - system.m18.shreddie.20 - system.m18.shreddie.21 - system.m18.shreddie.22 - system.m18.shreddie.23 - system.m18.shreddie.24 - system.m18.shreddie.25 - system.m18.shreddie.26 - system.m18.shreddie.27 - system.m18.shreddie.28 - system.m18.shreddie.29 - system.m18.shreddie.30 - system.m18.shreddie.31 - system.m18.shreddie.32 - system.m18.shreddie.34 = system.m18.gallery.0 - system.m18.gallery.1 - system.m18.gallery.2 = system.m18.silos.1 - system.m18.silos.2 - system.m18.silos.3 - system.m18.silos.4 - system.m18.silos.5 - system.m18.silos.6 - system.m18.silos.7 - system.m18.silos.8 = system.m2.jspdt.24 - system.m2.jspdt.23 - system.m2.jspdt.22 - system.m2.jspdt.21 - system.m2.jspdt.20 - system.m2.jspdt.19 - system.m2.jspdt.18 - system.m2.jspdt.17 - system.m2.jspdt.16 - system.m2.jspdt.15 - system.m2.jspdt.14 - system.m2.jspdt.13 - system.m2.jspdt.12 - system.m2.jspdt.11 - system.m2.jspdt.10 - system.m2.jspdt.9 - system.m2.jspdt.8 - system.m2.jspdt.7 - system.m2.jspdt.6 - system.m2.jspdt.5 - system.m2.jspdt.4 - system.m2.jspdt.3 - system.m2.jspdt.2 - system.m2.jspdt.1 = system.m2.izent1.1 - system.m2.izent1.2 - system.m2.izent1.3 - system.m2.izent1.4 - system.m2.izent1.5 - system.m2.izent1.6 - system.m2.izent1.7 - system.m2.izent1.8 - system.m2.izent1.9 - system.m2.izent1.10 - system.m2.izent1.11 - system.m2.izent1.12 - system.m2.izent1.13 - system.m2.izent1.14 - system.m2.izent1.15 - system.m2.izent1.16
Original length 814.73m (130 legs), moved   0.00m ( 0.00m/leg). Error   0.00%
0.000000
H: 0.000000 V: 0.000000

surf.96.s1.m18 - surf.96.s1.1 - surf.96.s1.4 - surf.96.s1.5 - surf.96.s1.6 - surf.96.s1.7 - surf.96.s1.8 - surf.96.s1.9
Original length 167.97m (  7 legs), moved   5.00m ( 0.71m/leg). Error   2.98%
6.132588
H: 4.450604 V: 7.573803

