roystan1.2 - roystan1.3
Original length   6.52m (  1 legs), moved   0.00m ( 0.00m/leg). Error   0.00%
0.000000
H: 0.000000 V: 0.000000

roystan1.2 - roystan1.3
Original length   6.52m (  1 legs), moved   0.00m ( 0.00m/leg). Error   0.00%
0.000000
H: 0.000000 V: 0.000000

roystan1.3 - roystan1.4
Original length   4.18m (  1 legs), moved   0.00m ( 0.00m/leg). Error   0.00%
0.000000
H: 0.000000 V: 0.000000

roystan1.3 - roystan1.4
Original length   4.18m (  1 legs), moved   0.00m ( 0.00m/leg). Error   0.00%
0.000000
H: 0.000000 V: 0.000000

roystan1.4 - roystan1.6
Original length   4.40m (  1 legs), moved   0.00m ( 0.00m/leg). Error   0.00%
0.000000
H: 0.000000 V: 0.000000

roystan1.4 - roystan1.6
Original length   4.40m (  1 legs), moved   0.00m ( 0.00m/leg). Error   0.00%
0.000000
H: 0.000000 V: 0.000000

roystan2.2 - roystan2.1
Original length   5.56m (  1 legs), moved   0.00m ( 0.00m/leg). Error   0.00%
0.000000
H: 0.000000 V: 0.000000

roystan2.2 - roystan2.1
Original length   5.56m (  1 legs), moved   0.00m ( 0.00m/leg). Error   0.00%
0.000000
H: 0.000000 V: 0.000000

roystan2.3 - roystan2.2
Original length   3.05m (  1 legs), moved   0.00m ( 0.00m/leg). Error   0.00%
0.000000
H: 0.000000 V: 0.000000

roystan2.3 - roystan2.2
Original length   3.05m (  1 legs), moved   0.00m ( 0.00m/leg). Error   0.00%
0.000000
H: 0.000000 V: 0.000000

roystan2.4 - roystan2.3
Original length   3.55m (  1 legs), moved   0.00m ( 0.00m/leg). Error   0.00%
0.000000
H: 0.000000 V: 0.000000

roystan2.4 - roystan2.3
Original length   3.55m (  1 legs), moved   0.00m ( 0.00m/leg). Error   0.00%
0.000000
H: 0.000000 V: 0.000000

roystan2.5 - roystan2.4
Original length   8.16m (  1 legs), moved   0.00m ( 0.00m/leg). Error   0.00%
0.000000
H: 0.000000 V: 0.000000

roystan2.5 - roystan2.4
Original length   8.16m (  1 legs), moved   0.00m ( 0.00m/leg). Error   0.00%
0.000000
H: 0.000000 V: 0.000000

roystan2.6 - roystan2.5
Original length   3.31m (  1 legs), moved   0.00m ( 0.00m/leg). Error   0.00%
0.000000
H: 0.000000 V: 0.000000

roystan2.6 - roystan2.5
Original length   3.31m (  1 legs), moved   0.00m ( 0.00m/leg). Error   0.00%
0.000000
H: 0.000000 V: 0.000000

roystan2.7 - roystan2.6
Original length   1.65m (  1 legs), moved   0.00m ( 0.00m/leg). Error   0.00%
0.000000
H: 0.000000 V: 0.000000

roystan2.7 - roystan2.6
Original length   1.65m (  1 legs), moved   0.00m ( 0.00m/leg). Error   0.00%
0.000000
H: 0.000000 V: 0.000000

surf.00.s1.m10 - surf.00.s1.18
Original length  21.24m (  1 legs), moved   0.46m ( 0.46m/leg). Error   2.18%
1.720373
H: 1.277207 V: 2.109936

system.m16ent.brezno.48 - system.m16ent.brezno.49 - system.m16ent.brezno.50
Original length  21.15m (  2 legs), moved   0.30m ( 0.15m/leg). Error   1.43%
1.738183
H: 2.109283 V: 0.911866

system.m16ent.hotline.3 - system.m16ent.hotline.13 - system.m16ent.hotline.14 - system.m16ent.hotline.15 = system.m16ent.brezno.48
Original length  23.05m (  3 legs), moved   0.46m ( 0.15m/leg). Error   2.01%
2.310054
H: 2.900491 V: 0.665999

system.m16ent.hotline.3 - system.m16ent.hotline.4 - system.m16ent.hotline.6 - system.m16ent.hotline.16 - system.m16ent.hotline.17 - system.m16ent.hotline.18 = system.m16ent.brezno.50
Original length  69.39m (  5 legs), moved   0.98m ( 0.20m/leg). Error   1.41%
2.424981
H: 2.442855 V: 2.397109

system.m16low.galact2.4 - system.m16low.galact2.5 - system.m16low.galact2.6 - system.m16low.galact2.7 - system.m16low.galact2.8 - system.m16low.galact2.9 - system.m16low.galact2.10 = system.m16low.galact1.8 - system.m16low.galact1.7 - system.m16low.galact1.6 - system.m16low.galact1.5 - system.m16low.galact1.4 - system.m16low.galact1.3 - system.m16low.galact1.2 - system.m16low.galact1.1 = system.m16low.tamoka.3 - system.m16low.tamoka.2 - system.m16low.tamoka.1 = system.m16low.shordrop2.6 - system.m16low.shordrop2.5 - system.m16low.shordrop2.4 - system.m16low.shordrop2.3 - system.m16low.shordrop2.2 - system.m16low.shordrop2.1 = system.m16low.shordrop.1 - system.m16low.shordrop.2 - system.m16low.shordrop.3 - system.m16low.shordrop.4 - system.m16low.shordrop.5 - system.m16low.shordrop.6 - system.m16low.shordrop.7 = system.m16ent.brezno.50
Original length 250.28m ( 26 legs), moved   0.00m ( 0.00m/leg). Error   0.00%
0.000000
H: 0.000000 V: 0.000000

system.m16low.galact3.1 - system.m16low.galact3.2 - system.m16low.galact3.3 - system.m16low.galact3.4 - system.m16low.galact3.6 - system.m16low.galact3.7 - system.m16low.galact3.8 - system.m16low.galact3.9 - system.m16low.galact3.10 - system.m16low.galact3.11 - system.m16low.galact3.12 - system.m16low.galact3.13 - system.m16low.galact3.15 - system.m16low.galact3.16 - system.m16low.galact3.1
Original length 245.56m ( 14 legs), moved   7.12m ( 0.51m/leg). Error   2.90%
8.093542
H: 3.980554 V: 11.356347

system.m16low.galact2.1 - system.m16low.galact2.2 - system.m16low.galact2.3 - system.m16low.galact2.4
Original length  50.81m (  3 legs), moved   0.00m ( 0.00m/leg). Error   0.00%
0.000000
H: 0.000000 V: 0.000000

system.m16low.galact4.1 - system.m16low.galact4.2 - system.m16low.galact4.3 - system.m16low.galact4.4 - system.m16low.galact4.5 - system.m16low.galact4.6 - system.m16low.galact4.7 - system.m16low.galact4.8 - system.m16low.galact4.9 - system.m16low.galact4.1
Original length  88.42m (  9 legs), moved   1.46m ( 0.16m/leg). Error   1.65%
3.270734
H: 3.916508 V: 2.048318

system.level2.level2s.6 - system.level2.level2s.7 - system.level2.level2s.8 - system.level2.level2s.9 - system.level2.level2s.10 - system.level2.level2s.11 - system.level2.level2s.12 - system.level2.level2s.13 - system.level2.level2s.14 = system.m18.void.6 - system.m18.void.7 - system.m18.void.8 - system.m18.void.9 - system.m18.void.10 - system.m18.void.11 - system.m18.void.12 - system.m18.void.13 - system.m18.void.14 - system.m18.void.15 - system.m18.void.16 - system.m18.void.17 = 
Original length 110.38m ( 19 legs), moved   0.87m ( 0.05m/leg). Error   0.79%
2.045109
H: 2.413208 V: 0.781059

system.level2.level2s.6 - system.level2.level2s.5 - system.level2.level2s.4 - system.level2.level2s.3 - system.level2.level2s.2 - system.level2.level2s.1 = system.level2.migcon.7 - system.level2.migcon.6 - system.level2.migcon.5 - system.level2.migcon.4 - system.level2.migcon.3 - system.level2.migcon.2 - system.level2.migcon.1 = system.level2.migconleft.1 - system.level2.migconleft.2 - system.level2.migconleft.3 - system.level2.migconleft.4 - system.level2.migconleft.5 - system.level2.migconleft.6 = system.m16ent.hotline.7 - system.m16ent.hotline.8 - system.m16ent.hotline.9 - system.m16ent.hotline.10 - system.m16ent.hotline.11 - system.m16ent.hotline.12 - system.m16ent.hotline.1 - system.m16ent.hotline.2 - system.m16ent.hotline.3
Original length 311.56m ( 24 legs), moved   3.20m ( 0.13m/leg). Error   1.03%
3.482404
H: 4.168914 V: 2.314592

system.level2.exhib.22 - system.level2.exhib.23 - system.level2.exhib.24 - system.level2.exhib.10 - system.level2.exhib.25 - system.level2.exhib.26 - system.level2.exhib.27 - system.level2.exhib.28 - system.level2.exhib.29 = system.level2.level2n.4 - system.level2.level2n.3 - system.level2.level2n.2 - system.level2.level2n.1 = system.level2.level2s.6
Original length 163.18m ( 11 legs), moved   0.00m ( 0.00m/leg). Error   0.00%
0.000000
H: 0.000000 V: 0.000000

system.level2.polter.7 - system.level2.polter.8 - system.level2.polter.9 = system.level2.exhib.22
Original length  43.12m (  2 legs), moved   0.00m ( 0.00m/leg). Error   0.00%
0.000000
H: 0.000000 V: 0.000000

system.level2.polter.7 - system.level2.polter.6 - system.level2.polter.5 - system.level2.polter.4 - system.level2.polter.3 - system.level2.polter.2 - system.level2.polter.1 = system.level2.disillusion.1 - system.level2.disillusion.2 - system.level2.disillusion.3 - system.level2.disillusion.4 - system.level2.disillusion.5 - system.level2.disillusion.6 - system.level2.disillusion.7 - system.level2.disillusion.8 - system.level2.disillusion.9 - system.level2.disillusion.10 - system.level2.disillusion.11 = system.level2.waffles.1 - system.level2.waffles.2 - system.level2.waffles.3 - system.level2.waffles.4 - system.level2.waffles.5 - system.level2.waffles.6 - system.level2.waffles.7 - system.level2.waffles.8 - system.level2.waffles.9 - system.level2.waffles.10 = system.level2.polter.7
Original length 206.97m ( 25 legs), moved  12.33m ( 0.49m/leg). Error   5.96%
20.901651
H: 13.589427 V: 35.956678

system.coldfeet.glory.11 - system.coldfeet.glory.12 - system.coldfeet.glory.13 - system.coldfeet.glory.14 = system.coldfeet.teoti.13 - system.coldfeet.teoti.12 - system.coldfeet.teoti.11 - system.coldfeet.teoti.10 - system.coldfeet.teoti.9 - system.coldfeet.teoti.8 - system.coldfeet.teoti.7 - system.coldfeet.teoti.6 - system.coldfeet.teoti.5 - system.coldfeet.teoti.4b = system.coldfeet.sinners.4 - system.coldfeet.sinners.3 - system.coldfeet.sinners.2 - system.coldfeet.sinners.1 - system.coldfeet.sinners.0 = system.coldfeet.glory.11
Original length  79.80m ( 16 legs), moved   6.32m ( 0.40m/leg). Error   7.92%
16.600666
H: 21.050379 V: 2.859259

system.m2.izent1.16 - system.m2.izent1.15 - system.m2.izent1.14 - system.m2.izent1.13 - system.m2.izent1.12 - system.m2.izent1.11 - system.m2.izent1.10 - system.m2.izent1.9 - system.m2.izent1.8 - system.m2.izent1.7 - system.m2.izent1.6 - system.m2.izent1.5 - system.m2.izent1.4 - system.m2.izent1.3 - system.m2.izent1.2 - system.m2.izent1.1 = system.m2.jspdt.1 - system.m2.jspdt.2 - system.m2.jspdt.3 - system.m2.jspdt.4 - system.m2.jspdt.5 - system.m2.jspdt.6 - system.m2.jspdt.7 - system.m2.jspdt.8 - system.m2.jspdt.9 - system.m2.jspdt.10 - system.m2.jspdt.11 - system.m2.jspdt.12 - system.m2.jspdt.13 - system.m2.jspdt.14 - system.m2.jspdt.15 - system.m2.jspdt.16 - system.m2.jspdt.17 - system.m2.jspdt.18 - system.m2.jspdt.19 - system.m2.jspdt.20 - system.m2.jspdt.21 - system.m2.jspdt.22 - system.m2.jspdt.23 - system.m2.jspdt.24 = system.m18.silos.8 - system.m18.silos.7 - system.m18.silos.6 - system.m18.silos.5 - system.m18.silos.4 - system.m18.silos.3 - system.m18.silos.2 - system.m18.silos.1 = system.m18.gallery.2
Original length 491.13m ( 45 legs), moved   0.00m ( 0.00m/leg). Error   0.00%
0.000000
H: 0.000000 V: 0.000000

garden.garden-ent.pico.13 - garden.garden-ent.pico.12 - garden.garden-ent.pico.11 - garden.garden-ent.pico.10 - garden.garden-ent.pico.9 - garden.garden-ent.pico.8 - garden.garden-ent.pico.7 - garden.garden-ent.pico.6 - garden.garden-ent.pico.5 - garden.garden-ent.pico.4 - garden.garden-ent.pico.3 - garden.garden-ent.pico.2 = garden.garden-ent.pico2.6 - garden.garden-ent.pico2.5 - garden.garden-ent.pico2.4 - garden.garden-ent.pico2.3 - garden.garden-ent.pico2.2 - garden.garden-ent.pico2.1 = garden.garden-ent.tesselator.8 - garden.garden-ent.tesselator.7 - garden.garden-ent.tesselator.6 - garden.garden-ent.tesselator.5 - garden.garden-ent.tesselator.4 - garden.garden-ent.tesselator.3 - garden.garden-ent.tesselator.2 - garden.garden-ent.tesselator.1 = garden.garden-ent.spaceodessey.6 - garden.garden-ent.spaceodessey.5 - garden.garden-ent.spaceodessey.4 - garden.garden-ent.spaceodessey.3 - garden.garden-ent.spaceodessey.2 - garden.garden-ent.spaceodessey.1 = garden.garden-ent.concorde.6 - garden.garden-ent.concorde.5 - garden.garden-ent.concorde.4 - garden.garden-ent.concorde.3 - garden.garden-ent.concorde.2 - garden.garden-ent.concorde.1 = garden.garden-ent.alchemy.8 - garden.garden-ent.alchemy.7 - garden.garden-ent.alchemy.6 - garden.garden-ent.alchemy.5 - garden.garden-ent.alchemy.4 - garden.garden-ent.alchemy.3 - garden.garden-ent.alchemy.2 - garden.garden-ent.alchemy.1 = garden.garden-ent.banzai.14 - garden.garden-ent.banzai.13 - garden.garden-ent.banzai.12b - garden.garden-ent.banzai.12 = garden.garden-ent.pink.18 - garden.garden-ent.pink.17 - garden.garden-ent.pink.16 - garden.garden-ent.pink.15 - garden.garden-ent.pink.14 - garden.garden-ent.pink.13 - garden.garden-ent.pink.1 - garden.garden-ent.pink.2 - garden.garden-ent.pink.3 - garden.garden-ent.pink.4 - garden.garden-ent.pink.5 - garden.garden-ent.pink.6 - garden.garden-ent.pink.7 = garden.garden-ent.pink2.13 - garden.garden-ent.pink2.12 - garden.garden-ent.pink2.11 - garden.garden-ent.pink2.10 - garden.garden-ent.pink2.9 - garden.garden-ent.pink2.8 - garden.garden-ent.pink2.7 - garden.garden-ent.pink2.6 - garden.garden-ent.pink2.5 - garden.garden-ent.pink2.4 - garden.garden-ent.pink2.3 - garden.garden-ent.pink2.2 - garden.garden-ent.pink2.1 = garden.garden-ent.skynet.9 - garden.garden-ent.skynet.8 - garden.garden-ent.skynet.7 - garden.garden-ent.skynet.6 - garden.garden-ent.skynet.5 - garden.garden-ent.skynet.4 - garden.garden-ent.skynet.3 - garden.garden-ent.skynet.2 - garden.garden-ent.skynet.1 = garden.garden-ent.zimmer.1 - garden.garden-ent.zimmer.2 - garden.garden-ent.zimmer.3 = garden.garden-low.friend.1 - garden.garden-low.friend.2 - garden.garden-low.friend.3 - garden.garden-low.friend.3b - garden.garden-low.friend.17 - garden.garden-low.friend.16 - garden.garden-low.friend.15 - garden.garden-low.friend.14 - garden.garden-low.friend.13 - garden.garden-low.friend.12 - garden.garden-low.friend.11 - garden.garden-low.friend.10 - garden.garden-low.friend.9 - garden.garden-low.friend.8 - garden.garden-low.friend.7 - garden.garden-low.friend.6 - garden.garden-low.friend.5 - garden.garden-low.friend.4 = garden.garden-low.fallsrd.1 - garden.garden-low.fallsrd.2 - garden.garden-low.fallsrd.3 - garden.garden-low.fallsrd.4 - garden.garden-low.fallsrd.5 = garden.kangaroo.fools_road.3 - garden.kangaroo.fools_road.4 - garden.kangaroo.fools_road.5 = garden.kangaroo.free_amalgamation.1 - garden.kangaroo.free_amalgamation.2 - garden.kangaroo.free_amalgamation.3 - garden.kangaroo.free_amalgamation.4 - garden.kangaroo.free_amalgamation.5 - garden.kangaroo.free_amalgamation.6 - garden.kangaroo.free_amalgamation.7 - garden.kangaroo.free_amalgamation.8 - garden.kangaroo.free_amalgamation.9 - garden.kangaroo.free_amalgamation.10 = garden.kangaroo.happy_monday.1 - garden.kangaroo.happy_monday.2 - garden.kangaroo.happy_monday.3 - garden.kangaroo.happy_monday.4 - garden.kangaroo.happy_monday.5 - garden.kangaroo.happy_monday.6 = garden.kangaroo.walk_the_line_b.1 - garden.kangaroo.walk_the_line_b.2 - garden.kangaroo.walk_the_line_b.3 - garden.kangaroo.walk_the_line_b.4 - garden.kangaroo.walk_the_line_b.5 - garden.kangaroo.walk_the_line_b.6 - garden.kangaroo.walk_the_line_b.7 - garden.kangaroo.walk_the_line_b.8 - garden.kangaroo.walk_the_line_b.9 - garden.kangaroo.walk_the_line_b.10 - garden.kangaroo.walk_the_line_b.11 - garden.kangaroo.walk_the_line_b.12 - garden.kangaroo.walk_the_line_b.13 - garden.kangaroo.walk_the_line_b.14 = garden.kangaroo.walk_the_line.1 - garden.kangaroo.walk_the_line.2 - garden.kangaroo.walk_the_line.3 - garden.kangaroo.walk_the_line.4 - garden.kangaroo.walk_the_line.5 - garden.kangaroo.walk_the_line.6 - garden.kangaroo.walk_the_line.7 - garden.kangaroo.walk_the_line.8 - garden.kangaroo.walk_the_line.9 - garden.kangaroo.walk_the_line.10 - garden.kangaroo.walk_the_line.11 - garden.kangaroo.walk_the_line.12 - garden.kangaroo.walk_the_line.13 - garden.kangaroo.walk_the_line.14 = garden.kangaroo.wet_hammer.1 - garden.kangaroo.wet_hammer.2 - garden.kangaroo.wet_hammer.3 - garden.kangaroo.wet_hammer.4 - garden.kangaroo.wet_hammer.5 - garden.kangaroo.wet_hammer.6 - garden.kangaroo.wet_hammer.7 - garden.kangaroo.wet_hammer.8 - garden.kangaroo.wet_hammer.9 - garden.kangaroo.wet_hammer.10 - garden.kangaroo.wet_hammer.11 = garden.kangaroo.mirage_canyon.1 - garden.kangaroo.mirage_canyon.2 - garden.kangaroo.mirage_canyon.3 - garden.kangaroo.mirage_canyon.4 - garden.kangaroo.mirage_canyon.5 - garden.kangaroo.mirage_canyon.6 = garden.kangaroo.dark_tranquillity.1 - garden.kangaroo.dark_tranquillity.2 - garden.kangaroo.dark_tranquillity.3 - garden.kangaroo.dark_tranquillity.4 - garden.kangaroo.dark_tranquillity.5 - garden.kangaroo.dark_tranquillity.6 = garden.kangaroo.intravenus_de_milo.3 - garden.kangaroo.intravenus_de_milo.2 - garden.kangaroo.intravenus_de_milo.1 - garden.kangaroo.intravenus_de_milo.4 - garden.kangaroo.intravenus_de_milo.5 - garden.kangaroo.intravenus_de_milo.6 - garden.kangaroo.intravenus_de_milo.7 - garden.kangaroo.intravenus_de_milo.8 - garden.kangaroo.intravenus_de_milo.9 - garden.kangaroo.intravenus_de_milo.10 = garden.kangaroo.kill_em_all.1 - garden.kangaroo.kill_em_all.2 - garden.kangaroo.kill_em_all.4 - garden.kangaroo.kill_em_all.5 - garden.kangaroo.kill_em_all.6 - garden.kangaroo.kill_em_all.7 - garden.kangaroo.kill_em_all.8 - garden.kangaroo.kill_em_all.9 - garden.kangaroo.kill_em_all.10 - garden.kangaroo.kill_em_all.11 - garden.kangaroo.kill_em_all.12 - garden.kangaroo.kill_em_all.13 - garden.kangaroo.kill_em_all.14 - garden.kangaroo.kill_em_all.15 - garden.kangaroo.kill_em_all.16 - garden.kangaroo.kill_em_all.17 - garden.kangaroo.kill_em_all.18 = garden.kangaroo.mudslump.6 - garden.kangaroo.mudslump.7 - garden.kangaroo.mudslump.8 - garden.kangaroo.mudslump.9 - garden.kangaroo.mudslump.10 - garden.kangaroo.mudslump.11 - garden.kangaroo.mudslump.12 - garden.kangaroo.mudslump.13 - garden.kangaroo.mudslump.14 - garden.kangaroo.mudslump.15 - garden.kangaroo.mudslump.16 - garden.kangaroo.mudslump.17 - garden.kangaroo.mudslump.18 - garden.kangaroo.mudslump.19 - garden.kangaroo.mudslump.20 - garden.kangaroo.mudslump.21 - garden.kangaroo.mudslump.22 = garden.kangaroo.mudslump.5 - garden.kangaroo.mudslump.4 = garden.kangaroo.mudslump.23 - garden.kangaroo.mudslump.24 - garden.kangaroo.mudslump.25 - garden.kangaroo.mudslump.26 - garden.kangaroo.mudslump.27 - garden.kangaroo.mudslump.28 = garden.kangaroo.scrotty.21 - garden.kangaroo.scrotty.20 - garden.kangaroo.scrotty.19 - garden.kangaroo.scrotty.18 - garden.kangaroo.scrotty.17 - garden.kangaroo.scrotty.16 - garden.kangaroo.scrotty.15 - garden.kangaroo.scrotty.14 - garden.kangaroo.scrotty.13b - garden.kangaroo.scrotty.13 - garden.kangaroo.scrotty.12 - garden.kangaroo.scrotty.11 - garden.kangaroo.scrotty.10 - garden.kangaroo.scrotty.9 - garden.kangaroo.scrotty.8 - garden.kangaroo.scrotty.6 - garden.kangaroo.scrotty.5 - garden.kangaroo.scrotty.4 - garden.kangaroo.scrotty.3 - garden.kangaroo.scrotty.2 - garden.kangaroo.scrotty.1 = garden.kangaroo.bonus.0 - garden.kangaroo.bonus.1 - garden.kangaroo.bonus.2 - garden.kangaroo.bonus.3 - garden.kangaroo.bonus.4 - garden.kangaroo.bonus.5 - garden.kangaroo.bonus.6 - garden.kangaroo.bonus.7 - garden.kangaroo.bonus.8 - garden.kangaroo.bonus.9 - garden.kangaroo.bonus.10 - garden.kangaroo.bonus.11 - garden.kangaroo.bonus.12 - garden.kangaroo.bonus.13 - garden.kangaroo.bonus.14 - garden.kangaroo.bonus.15 - garden.kangaroo.bonus.16 - garden.kangaroo.bonus.17 - garden.kangaroo.bonus.18 = garden.kangaroo.zubafu.10 - garden.kangaroo.zubafu.9 - garden.kangaroo.zubafu.8 - garden.kangaroo.zubafu.7 - garden.kangaroo.zubafu.6 - garden.kangaroo.zubafu.5 - garden.kangaroo.zubafu.4 - garden.kangaroo.zubafu.3 - garden.kangaroo.zubafu.2 - garden.kangaroo.zubafu.1 = garden.kangaroo.kangaroo01.0 - garden.kangaroo.kangaroo01.1 - garden.kangaroo.kangaroo01.2 - garden.kangaroo.kangaroo01.3 - garden.kangaroo.kangaroo01.4 - garden.kangaroo.kangaroo01.5 - garden.kangaroo.kangaroo01.6 - garden.kangaroo.kangaroo01.7 - garden.kangaroo.kangaroo01.8 - garden.kangaroo.kangaroo01.9 - garden.kangaroo.kangaroo01.10 - garden.kangaroo.kangaroo01.11 = garden.kangaroo.kangaroo01.12 - garden.kangaroo.kangaroo01.13 - garden.kangaroo.kangaroo01.14 - garden.kangaroo.kangaroo01.15 - garden.kangaroo.kangaroo01.16 - garden.kangaroo.kangaroo01.17 - garden.kangaroo.kangaroo01.18 - garden.kangaroo.kangaroo01.19 - garden.kangaroo.kangaroo01.20 - garden.kangaroo.kangaroo01.21 - garden.kangaroo.kangaroo01.22 - garden.kangaroo.kangaroo01.23 - garden.kangaroo.kangaroo01.24 = garden.kangaroo.pico.13 = garden.garden-ent.pico.13
Original length1849.34m (277 legs), moved  37.76m ( 0.14m/leg). Error   2.04%
20.580574
H: 24.474117 V: 6.927894

prim.drugi.7a - prim.drugi.7 - prim.drugi.6 - prim.drugi.5 - prim.drugi.4 - prim.drugi.3 - prim.drugi.2 - prim.drugi.1 = prim.prima1.21b - prim.prima1.22 - prim.prima1.23 - prim.prima1.24 - prim.prima1.25 - prim.prima1.26 - prim.prima1.27 - prim.prima1.28 - prim.prima1.29 - prim.prima1.30 - prim.prima1.31 - prim.prima1.32 - prim.prima1.33 - prim.prima1.34 - prim.prima1.35
Original length 173.32m ( 21 legs), moved   1.60m ( 0.08m/leg). Error   0.92%
2.574203
H: 1.818558 V: 3.707673

prim.drugi.10 - prim.drugi.10a - prim.drugi.10b = prim.drugi.7a
Original length  23.30m (  2 legs), moved   1.34m ( 0.67m/leg). Error   5.74%
6.997903
H: 1.118270 V: 12.532684

prim.drugi.10 - prim.drugi.11 - prim.drugi.12 - prim.drugi.13 - prim.drugi.14 - prim.drugi.15 = prim.prima1.35
Original length  46.10m (  5 legs), moved   0.55m ( 0.11m/leg). Error   1.20%
1.581272
H: 0.907463 V: 2.203412

prim.drugi.10 - prim.drugi.9 - prim.drugi.8 - prim.drugi.7a
Original length  23.70m (  3 legs), moved   1.21m ( 0.40m/leg). Error   5.12%
6.662252
H: 1.436576 V: 11.741209

roystan1.2 - roystan1.1 - roystan1.2
Original length   3.64m (  2 legs), moved   0.00m ( 0.00m/leg). Error   0.00%
0.000000
H: 0.000000 V: 0.000000

roystan1.4 - roystan1.5 - roystan1.4
Original length   8.44m (  2 legs), moved   0.00m ( 0.00m/leg). Error   0.00%
0.000000
H: 0.000000 V: 0.000000

surf.00.s4.ub - surf.00.s4.2 - surf.00.s4.3 - surf.00.s4.4 - surf.00.s4.5 - surf.00.s4.6 - surf.00.s4.7 - surf.00.s4.8 - surf.00.s4.pm = surf.07.surf_prima_planika.7
Original length  87.15m (  8 legs), moved   1.10m ( 0.14m/leg). Error   1.26%
2.781140
H: 2.931636 V: 2.362348

surf.07.surf_ubend_planika.1 - surf.07.surf_ubend_planika.2 - surf.07.surf_ubend_planika.3 - surf.07.surf_ubend_planika.4 - surf.07.surf_ubend_planika.5 - surf.07.surf_ubend_planika.6 - surf.07.surf_ubend_planika.7 - surf.07.surf_ubend_planika.8 - surf.07.surf_ubend_planika.10 - surf.07.surf_ubend_planika.11 - surf.07.surf_ubend_planika.12 - surf.07.surf_ubend_planika.13 - surf.07.surf_ubend_planika.14 = surf.07.surf_prima_planika.1 - surf.07.surf_prima_planika.2 - surf.07.surf_prima_planika.3 - surf.07.surf_prima_planika.4 - surf.07.surf_prima_planika.5 - surf.07.surf_prima_planika.6 - surf.07.surf_prima_planika.12 - surf.07.surf_prima_planika.11 - surf.07.surf_prima_planika.10 - surf.07.surf_prima_planika.9 - surf.07.surf_prima_planika.8 - surf.07.surf_prima_planika.7
Original length 436.61m ( 23 legs), moved   7.73m ( 0.34m/leg). Error   1.77%
6.468816
H: 7.341880 V: 4.786607

surf.96.s1.m10 - surf.96.s1.17 - surf.96.s1.16 - surf.96.s1.15 - surf.96.s1.14 - surf.96.s1.11 - 
Original length 122.09m (  6 legs), moved   2.58m ( 0.43m/leg). Error   2.12%
3.678906
H: 0.942653 V: 5.223628

surf.96.s1.m16 - surf.96.s1.12 - surf.96.s1.9
Original length  26.66m (  2 legs), moved   0.21m ( 0.11m/leg). Error   0.81%
0.868961
H: 1.118243 V: 0.295628

surf.96.s2.m15 - surf.96.s2.9
Original length  17.43m (  1 legs), moved   0.19m ( 0.19m/leg). Error   1.10%
0.879314
H: 1.058160 V: 0.567939

surf.01.s0725.m4 - surf.01.s0725.18 - surf.01.s0725.19 - surf.01.s0725.20 - surf.01.s0725.21 - surf.01.s0725.22 - surf.01.s0725.23 - surf.01.s0725.24 - surf.01.s0725.25 - surf.01.s0725.26 - surf.01.s0725.m15
Original length 165.13m ( 10 legs), moved   0.63m ( 0.06m/leg). Error   0.38%
0.875046
H: 1.170321 V: 0.143014

surf.01.s0725.m4 - surf.01.s0725.16 - surf.01.s0725.15 - surf.01.s0725.14 - surf.01.s0725.13 - surf.01.s0725.12 - surf.01.s0725.11 - surf.01.s0725.10 - surf.01.s0725.9 - surf.01.s0725.8 - surf.01.s0725.7 - surf.01.s0725.6 - surf.01.s0725.5 - surf.01.s0725.4 - surf.01.s0725.3 - surf.01.s0725.2 - surf.01.s0725.m10
Original length 206.94m ( 16 legs), moved   5.08m ( 0.32m/leg). Error   2.46%
6.924168
H: 4.561170 V: 9.206739

surf.01.sm10_rv_m17.5 - surf.01.sm10_rv_m17.4 - surf.01.sm10_rv_m17.3 - surf.01.sm10_rv_m17.2 - surf.01.sm10_rv_m17.m10 = surf.01.s0725.m10
Original length  80.50m (  4 legs), moved   0.45m ( 0.11m/leg). Error   0.55%
0.814125
H: 0.999862 V: 0.533365

surf.01.sm10_rv_m17.10 - surf.01.sm10_rv_m17.12 - surf.01.sm10_rv_m17.13 - surf.01.sm10_rv_m17.14 - surf.01.sm10_rv_m17.15 - surf.01.sm10_rv_m17.m17 = surf.96.s2.m17 - surf.96.s2.2 - surf.96.s2.3 - surf.96.s2.4 - surf.96.s2.6 - surf.96.s2.7 - surf.96.s2.8 - surf.96.s2.9
Original length 247.99m ( 12 legs), moved   2.34m ( 0.19m/leg). Error   0.94%
2.271217
H: 2.976563 V: 1.027802

surf.01.sm10_rv_m17.10 - surf.01.sm10_rv_m17.m15 = surf.01.s0725.m15
Original length   5.98m (  1 legs), moved   0.02m ( 0.02m/leg). Error   0.34%
0.202163
H: 0.229287 V: 0.135821

surf.01.sm10_rv_m17.10 - surf.01.sm10_rv_m17.9 - surf.01.sm10_rv_m17.8 - surf.01.sm10_rv_m17.7 - surf.01.sm10_rv_m17.6 - surf.01.sm10_rv_m17.5
Original length 171.32m (  5 legs), moved   2.16m ( 0.43m/leg). Error   1.26%
2.129087
H: 2.789608 V: 1.051320

surf.01.sm16_m4_m18.6 - surf.01.sm16_m4_m18.14 - surf.01.sm16_m4_m18.15 - surf.01.sm16_m4_m18.16 - surf.01.sm16_m4_m18.17 - surf.01.sm16_m4_m18.18 - surf.01.sm16_m4_m18.19 - surf.01.sm16_m4_m18.m18 = surf.00.s2.m18
Original length  90.72m (  7 legs), moved   1.36m ( 0.19m/leg). Error   1.50%
2.721169
H: 1.999176 V: 3.432375

surf.01.sm16_m4_m18.6 - surf.01.sm16_m4_m18.7 - surf.01.sm16_m4_m18.8 - surf.01.sm16_m4_m18.9 - surf.01.sm16_m4_m18.12 - surf.01.sm16_m4_m18.m4 = surf.01.s0725.m4
Original length  60.79m (  5 legs), moved   1.78m ( 0.36m/leg). Error   2.92%
4.504738
H: 4.097297 V: 4.966608

surf.01.sm16_m4_m18.6 - surf.01.sm16_m4_m18.5 - surf.01.sm16_m4_m18.4 - surf.01.sm16_m4_m18.3 - surf.01.sm16_m4_m18.2 - surf.01.sm16_m4_m18.m16 = surf.00.s1.m16
Original length  87.16m (  5 legs), moved   3.08m ( 0.62m/leg). Error   3.53%
5.670170
H: 7.582050 V: 1.747312

garden.garden-ent.bclent2.0 - garden.garden-ent.bclent2.1 - garden.garden-ent.bclent2.2 - garden.garden-ent.bclent2.3 - garden.garden-ent.bclent2.4 - garden.garden-ent.bclent2.5 - garden.garden-ent.bclent2.6 - garden.garden-ent.bclent2.7 - garden.garden-ent.bclent2.8 - garden.garden-ent.bclent2.9 - garden.garden-ent.bclent2.10 - garden.garden-ent.bclent2.11 - garden.garden-ent.bclent2.12 - garden.garden-ent.bclent2.13 - garden.garden-ent.bclent2.14 - garden.garden-ent.bclent2.15 = garden.garden-ent.laurel.18 - garden.garden-ent.laurel.17 - garden.garden-ent.laurel.16 - garden.garden-ent.laurel.15 - garden.garden-ent.laurel.14 - garden.garden-ent.laurel.13 - garden.garden-ent.laurel.12 - garden.garden-ent.laurel.11
Original length 131.39m ( 22 legs), moved   1.81m ( 0.08m/leg). Error   1.37%
3.940044
H: 4.867016 V: 0.038380

surf.08.surf_gardenvilinska.1 - surf.08.surf_gardenvilinska.2 - surf.08.surf_gardenvilinska.3 - surf.08.surf_gardenvilinska.4 - surf.08.surf_gardenvilinska.5 - surf.08.surf_gardenvilinska.6 - surf.08.surf_gardenvilinska.7 - surf.08.surf_gardenvilinska.8 = garden.vilinska.vilinent.1 - garden.vilinska.vilinent.2 - garden.vilinska.vilinent.3 - garden.vilinska.vilinent.4 - garden.vilinska.vilinent.5 - garden.vilinska.vilinent.6 - garden.vilinska.vilinent.7 - garden.vilinska.vilinent.8 - garden.vilinska.vilinent.9 - garden.vilinska.vilinent.10 - garden.vilinska.vilinent.11 - garden.vilinska.vilinent.12 - garden.vilinska.vilinent.13 - garden.vilinska.vilinent.14 - garden.vilinska.vilinent.15 - garden.vilinska.vilinent.16 - garden.vilinska.vilinent.17 - garden.vilinska.vilinent.18 - garden.vilinska.vilinent.19 - garden.vilinska.vilinent.20 - garden.vilinska.vilinent.21 = garden.vilinska.breakitdown.9 - garden.vilinska.breakitdown.8 - garden.vilinska.breakitdown.7 - garden.vilinska.breakitdown.6 - garden.vilinska.breakitdown.5 - garden.vilinska.breakitdown.4 - garden.vilinska.breakitdown.3 - garden.vilinska.breakitdown.2 - garden.vilinska.breakitdown.1 = garden.vilinska.vilcon.1 - garden.vilinska.vilcon.2 - garden.vilinska.vilcon.3 - garden.vilinska.vilcon.4 - garden.vilinska.vilcon.5 - garden.vilinska.vilcon.6 - garden.vilinska.vilcon.7 - garden.vilinska.vilcon.8 - garden.vilinska.vilcon.9 - garden.vilinska.vilcon.10 - garden.vilinska.vilcon.11 - garden.vilinska.vilcon.12 = garden.garden-ent.laurel.11
Original length 257.61m ( 46 legs), moved   4.89m ( 0.11m/leg). Error   1.90%
6.301981
H: 8.016006 V: 1.092132

surf.96.s2.m10 - surf.96.s2.22 - surf.96.s2.21 - surf.96.s2.20 - surf.96.s2.19 - surf.96.s2.16 - surf.96.s2.15 - surf.96.s2.14 - surf.96.s2.13 - surf.96.s2.12 - surf.96.s2.11 - surf.96.s2.9
Original length 254.92m ( 11 legs), moved   1.35m ( 0.12m/leg). Error   0.53%
1.363976
H: 1.277425 V: 1.453643

system.m16ent.entrance.1 - system.m16ent.entrance.2 - system.m16ent.entrance.3 - system.m16ent.entrance.4 - system.m16ent.entrance.5 - system.m16ent.entrance.6 - system.m16ent.entrance.7 - system.m16ent.entrance.8 - system.m16ent.entrance.9 - system.m16ent.entrance.10 - system.m16ent.entrance.11 - system.m16ent.entrance.12 - system.m16ent.entrance.13 - system.m16ent.entrance.14 - system.m16ent.entrance.15 - system.m16ent.entrance.16 - system.m16ent.entrance.17 - system.m16ent.entrance.18 - system.m16ent.entrance.19 - system.m16ent.entrance.20 - system.m16ent.entrance.21 - system.m16ent.entrance.22 - system.m16ent.entrance.23 - system.m16ent.entrance.24 - system.m16ent.entrance.25 - system.m16ent.entrance.26 - system.m16ent.entrance.27 - system.m16ent.entrance.28 - system.m16ent.entrance.29 - system.m16ent.entrance.30 - system.m16ent.entrance.31 = system.m16ent.brezno.31 - system.m16ent.brezno.32 - system.m16ent.brezno.33 - system.m16ent.brezno.35 - system.m16ent.brezno.36 - system.m16ent.brezno.37 - system.m16ent.brezno.38 - system.m16ent.brezno.40 - system.m16ent.brezno.41 - system.m16ent.brezno.44 - system.m16ent.brezno.45 - system.m16ent.brezno.46 - system.m16ent.brezno.47 - system.m16ent.brezno.48
Original length 235.25m ( 43 legs), moved   1.92m ( 0.04m/leg). Error   0.82%
3.071213
H: 3.724278 V: 0.958385

surf.00.s1.m16 - surf.00.s1.26 - surf.00.s1.25 - surf.00.s1.24 - surf.00.s1.23 - surf.00.s1.22 - surf.00.s1.21 - surf.00.s1.20 - surf.00.s1.18
Original length 157.90m (  8 legs), moved   5.52m ( 0.69m/leg). Error   3.49%
6.901233
H: 8.480443 V: 4.525729

system.m18.torn.26 - system.m18.torn.25 - system.m18.torn.24 - system.m18.torn.23 - system.m18.torn.22 - system.m18.torn.21 - system.m18.torn.20 - system.m18.torn.19 - system.m18.torn.18 - system.m18.torn.17 - system.m18.torn.16 - system.m18.torn.15 - system.m18.torn.14 - system.m18.torn.13 - system.m18.torn.12 - system.m18.torn.11 - system.m18.torn.10 - system.m18.torn.9 - system.m18.torn.8 - system.m18.torn.7 - system.m18.torn.6 - system.m18.torn.5 - system.m18.torn.4 - system.m18.torn.3 - system.m18.torn.2 = system.m18.lowerrift.2 - system.m18.lowerrift.100 - system.m18.lowerrift.101 - system.m18.lowerrift.102 - system.m18.lowerrift.103 - system.m18.lowerrift.104 - system.m18.lowerrift.105 - system.m18.lowerrift.106 - system.m18.lowerrift.107 - system.m18.lowerrift.108 - system.m18.lowerrift.109 - system.m18.lowerrift.110 - system.m18.lowerrift.111 - system.m18.lowerrift.112 - system.m18.lowerrift.113 - system.m18.lowerrift.114 - system.m18.lowerrift.115 - system.m18.lowerrift.116 - system.m18.lowerrift.117 - system.m18.lowerrift.118 - system.m18.lowerrift.119 - system.m18.lowerrift.120 - system.m18.lowerrift.121 - system.m18.lowerrift.122 - system.m18.lowerrift.123 - system.m18.lowerrift.124 = system.m18.turtle.18 - system.m18.turtle.17 - system.m18.turtle.16 - system.m18.turtle.15 - system.m18.turtle.14 - system.m18.turtle.13 - system.m18.turtle.12 - system.m18.turtle.11 - system.m18.turtle.10 - system.m18.turtle.9 - system.m18.turtle.6 - system.m18.turtle.8 = system.m18.shreddie.8 - system.m18.shreddie.9 - system.m18.shreddie.12 - system.m18.shreddie.13 - system.m18.shreddie.14 - system.m18.shreddie.15 - system.m18.shreddie.16 - system.m18.shreddie.17 - system.m18.shreddie.18 - system.m18.shreddie.19 - system.m18.shreddie.20 - system.m18.shreddie.21 - system.m18.shreddie.22 - system.m18.shreddie.23 - system.m18.shreddie.24 - system.m18.shreddie.25 - system.m18.shreddie.26 - system.m18.shreddie.27 - system.m18.shreddie.28 - system.m18.shreddie.29 - system.m18.shreddie.30 - system.m18.shreddie.31 - system.m18.shreddie.32 - system.m18.shreddie.34 = system.m18.gallery.0 - system.m18.gallery.1 - system.m18.gallery.2
Original length 323.60m ( 85 legs), moved   2.54m ( 0.03m/leg). Error   0.78%
3.191525
H: 3.756398 V: 1.517936

surf.96.s1.m18 - surf.96.s1.1 - surf.96.s1.4 - surf.96.s1.5 - surf.96.s1.6 - surf.96.s1.7 - surf.96.s1.8 - surf.96.s1.9
Original length 167.97m (  7 legs), moved   5.58m ( 0.80m/leg). Error   3.32%
6.838490
H: 5.028582 V: 8.402372

