prim.drugi.8 - prim.drugi.7a
Original length   8.50m (  1 legs), moved   0.41m ( 0.41m/leg). Error   4.77%
3.955831
H: 1.459127 V: 6.687626

surf.00.s1.m10 - surf.00.s1.18
Original length  21.24m (  1 legs), moved   0.48m ( 0.48m/leg). Error   2.24%
1.765759
H: 1.324317 V: 2.156412

surf.96.s1.9 - surf.96.s1.8 - surf.96.s1.7 - surf.96.s1.6 - surf.96.s1.5 - surf.96.s1.4 - surf.96.s1.1
Original length 155.10m (  6 legs), moved   4.78m ( 0.80m/leg). Error   3.08%
5.996972
H: 4.408982 V: 7.359885

surf.96.s1.m10 - surf.96.s1.17 - surf.96.s1.16 - surf.96.s1.15 - surf.96.s1.14 - surf.96.s1.11 - 
Original length 122.09m (  6 legs), moved   2.62m ( 0.44m/leg). Error   2.14%
3.724500
H: 0.905397 V: 5.297717

surf.96.s1.m16 - surf.96.s1.12 - surf.96.s1.9
Original length  26.66m (  2 legs), moved   0.10m ( 0.05m/leg). Error   0.39%
0.420150
H: 0.543769 V: 0.126154

surf.00.s1.m16 - surf.00.s1.26 - surf.00.s1.25 - surf.00.s1.24 - surf.00.s1.23 - surf.00.s1.22 - surf.00.s1.21 - surf.00.s1.20 - surf.00.s1.18
Original length 157.90m (  8 legs), moved   5.67m ( 0.71m/leg). Error   3.59%
7.089174
H: 8.722599 V: 4.625433

surf.96.s2.m15 - surf.96.s2.9
Original length  17.43m (  1 legs), moved   0.19m ( 0.19m/leg). Error   1.11%
0.883260
H: 1.064079 V: 0.567644

surf.01.s0725.m4 - surf.01.s0725.18 - surf.01.s0725.19 - surf.01.s0725.20 - surf.01.s0725.21 - surf.01.s0725.22 - surf.01.s0725.23 - surf.01.s0725.24 - surf.01.s0725.25 - surf.01.s0725.26 - surf.01.s0725.m15
Original length 165.13m ( 10 legs), moved   0.65m ( 0.07m/leg). Error   0.40%
0.906813
H: 1.217562 V: 0.087787

surf.01.s0725.m4 - surf.01.s0725.16 - surf.01.s0725.15 - surf.01.s0725.14 - surf.01.s0725.13 - surf.01.s0725.12 - surf.01.s0725.11 - surf.01.s0725.10 - surf.01.s0725.9 - surf.01.s0725.8 - surf.01.s0725.7 - surf.01.s0725.6 - surf.01.s0725.5 - surf.01.s0725.4 - surf.01.s0725.3 - surf.01.s0725.2 - surf.01.s0725.m10
Original length 206.94m ( 16 legs), moved   5.14m ( 0.32m/leg). Error   2.49%
7.007379
H: 4.612845 V: 9.319490

surf.01.sm10_rv_m17.10 - surf.01.sm10_rv_m17.12 - surf.01.sm10_rv_m17.13 - surf.01.sm10_rv_m17.14 - surf.01.sm10_rv_m17.15 - surf.01.sm10_rv_m17.m17 = surf.96.s2.m17 - surf.96.s2.2 - surf.96.s2.3 - surf.96.s2.4 - surf.96.s2.6 - surf.96.s2.7 - surf.96.s2.8 - surf.96.s2.9
Original length 247.99m ( 12 legs), moved   2.34m ( 0.19m/leg). Error   0.94%
2.270561
H: 2.975651 V: 1.027674

surf.01.sm10_rv_m17.10 - surf.01.sm10_rv_m17.m15 = surf.01.s0725.m15
Original length   5.98m (  1 legs), moved   0.02m ( 0.02m/leg). Error   0.34%
0.199625
H: 0.225170 V: 0.138054

surf.01.sm10_rv_m17.10 - surf.01.sm10_rv_m17.9 - surf.01.sm10_rv_m17.8 - surf.01.sm10_rv_m17.7 - surf.01.sm10_rv_m17.6 - surf.01.sm10_rv_m17.5 - surf.01.sm10_rv_m17.4 - surf.01.sm10_rv_m17.3 - surf.01.sm10_rv_m17.2 - surf.01.sm10_rv_m17.m10 = surf.01.s0725.m10
Original length 251.82m (  9 legs), moved   2.59m ( 0.29m/leg). Error   1.03%
2.242442
H: 2.890373 V: 1.212518

surf.01.sm16_m4_m18.6 - surf.01.sm16_m4_m18.14 - surf.01.sm16_m4_m18.15 - surf.01.sm16_m4_m18.16 - surf.01.sm16_m4_m18.17 - surf.01.sm16_m4_m18.18 - surf.01.sm16_m4_m18.19 - surf.01.sm16_m4_m18.m18 = surf.00.s2.m18 = surf.96.s1.m18 - surf.96.s1.1
Original length 103.59m (  8 legs), moved   2.00m ( 0.25m/leg). Error   1.93%
3.780574
H: 2.684214 V: 4.838064

surf.01.sm16_m4_m18.6 - surf.01.sm16_m4_m18.7 - surf.01.sm16_m4_m18.8 - surf.01.sm16_m4_m18.9 - surf.01.sm16_m4_m18.12 - surf.01.sm16_m4_m18.m4 = surf.01.s0725.m4
Original length  60.79m (  5 legs), moved   1.80m ( 0.36m/leg). Error   2.97%
4.575985
H: 4.150468 V: 5.057106

surf.01.sm16_m4_m18.6 - surf.01.sm16_m4_m18.5 - surf.01.sm16_m4_m18.4 - surf.01.sm16_m4_m18.3 - surf.01.sm16_m4_m18.2 - surf.01.sm16_m4_m18.m16 = surf.00.s1.m16
Original length  87.16m (  5 legs), moved   3.02m ( 0.60m/leg). Error   3.47%
5.576140
H: 7.519492 V: 1.366047

surf.00.s4.pm - surf.00.s4.8 - surf.00.s4.7 - surf.00.s4.6 - surf.00.s4.5 - surf.00.s4.4 - surf.00.s4.3 - surf.00.s4.2 - surf.00.s4.ub
Original length  87.15m (  8 legs), moved   0.60m ( 0.07m/leg). Error   0.69%
1.508809
H: 1.711267 V: 0.801947

surf.07.surf_prima_planika.7 - surf.07.surf_prima_planika.8 - surf.07.surf_prima_planika.9 - surf.07.surf_prima_planika.10 - surf.07.surf_prima_planika.11 - surf.07.surf_prima_planika.12 - surf.07.surf_prima_planika.6 - surf.07.surf_prima_planika.5 - surf.07.surf_prima_planika.4 - surf.07.surf_prima_planika.3 - surf.07.surf_prima_planika.2 - surf.07.surf_prima_planika.1 = surf.07.surf_ubend_planika.14 - surf.07.surf_ubend_planika.13 - surf.07.surf_ubend_planika.12 - surf.07.surf_ubend_planika.11 - surf.07.surf_ubend_planika.10 - surf.07.surf_ubend_planika.8 - surf.07.surf_ubend_planika.7 - surf.07.surf_ubend_planika.6 - surf.07.surf_ubend_planika.5 - surf.07.surf_ubend_planika.4 - surf.07.surf_ubend_planika.3 - surf.07.surf_ubend_planika.2 - surf.07.surf_ubend_planika.1
Original length 436.61m ( 23 legs), moved   8.21m ( 0.36m/leg). Error   1.88%
6.871199
H: 7.737086 V: 5.229776

surf.96.s2.m10 - surf.96.s2.22 - surf.96.s2.21 - surf.96.s2.20 - surf.96.s2.19 - surf.96.s2.16 - surf.96.s2.15 - surf.96.s2.14 - surf.96.s2.13 - surf.96.s2.12 - surf.96.s2.11 - surf.96.s2.9
Original length 254.92m ( 11 legs), moved   1.35m ( 0.12m/leg). Error   0.53%
1.365780
H: 1.320959 V: 1.413662

prim.drugi.7a - prim.drugi.7 - prim.drugi.6 - prim.drugi.5 - prim.drugi.4 - prim.drugi.3 - prim.drugi.2 - prim.drugi.1 = prim.prima1.21b - prim.prima1.22 - prim.prima1.23 - prim.prima1.24 - prim.prima1.25 - prim.prima1.26 - prim.prima1.27 - prim.prima1.28 - prim.prima1.29 - prim.prima1.30 - prim.prima1.31 - prim.prima1.32 - prim.prima1.33 - prim.prima1.34 - prim.prima1.35
Original length 173.32m ( 21 legs), moved   1.72m ( 0.08m/leg). Error   0.99%
2.772389
H: 1.609789 V: 4.314478

u-bend.ubend_drainpipe.5 - u-bend.ubend_drainpipe.6 = u-bend.ubend_bathtub.1 - u-bend.ubend_bathtub.2 - u-bend.ubend_bathtub.3 - u-bend.ubend_bathtub.4 - u-bend.ubend_bathtub.5 = u-bend.ubend_det.3 - u-bend.ubend_det.1 - u-bend.ubend_det.2 - u-bend.ubend_det.4 - u-bend.ubend_det.5 - u-bend.ubend_det.6 - u-bend.ubend_det.7 = u-bend.ubend3.8 - u-bend.ubend3.7 - u-bend.ubend3.6 - u-bend.ubend3.5 - u-bend.ubend3.4 - u-bend.ubend3.3 - u-bend.ubend3.2 - u-bend.ubend3.1 = u-bend.ubend.1 - u-bend.ubend.2 - u-bend.ubend.3 - u-bend.ubend.4 - u-bend.ubend.5 - u-bend.ubend.6 = u-bend.ubend2.1 - u-bend.ubend2.2 - u-bend.ubend2.3 - u-bend.ubend2.4 - u-bend.ubend2.5 = surf.07.surf_ubend_planika.1
Original length 107.00m ( 27 legs), moved   0.75m ( 0.03m/leg). Error   0.70%
1.772685
H: 1.900110 V: 1.446320

prim.drugi.10 - prim.drugi.10a - prim.drugi.10b = prim.drugi.7a
Original length  23.30m (  2 legs), moved   1.34m ( 0.67m/leg). Error   5.76%
7.028798
H: 1.299713 V: 12.549475

prim.drugi.10 - prim.drugi.11 - prim.drugi.12 - prim.drugi.13 - prim.drugi.14 - prim.drugi.15 = prim.prima1.35
Original length  46.10m (  5 legs), moved   0.45m ( 0.09m/leg). Error   0.97%
1.277608
H: 1.297336 V: 1.249383

prim.drugi.10 - prim.drugi.9 - prim.drugi.8
Original length  15.20m (  2 legs), moved   0.82m ( 0.41m/leg). Error   5.37%
5.418501
H: 1.011795 V: 9.629303

