prim.prima1.21b - prim.prima1.21 - prim.prima1.20 - prim.prima1.19 - prim.prima1.18 - prim.prima1.17 - prim.prima1.16 - prim.prima1.15 - prim.prima1.14 - prim.prima1.13 - prim.prima1.12 - prim.prima1.11 - prim.prima1.10 - prim.prima1.9 - prim.prima1.8 - prim.prima1.7 - prim.prima1.6 - prim.prima1.5 - prim.prima1.4 - prim.prima1.3 - prim.prima1.2 - prim.prima1.1 = prim.prima2.32 - prim.prima2.31 - prim.prima2.30 - prim.prima2.29 - prim.prima2.28 - prim.prima2.27 - prim.prima2.26 - prim.prima2.25 - prim.prima2.24 - prim.prima2.23 - prim.prima2.22 - prim.prima2.21 - prim.prima2.20 - prim.prima2.19 - prim.prima2.18 - prim.prima2.17 - prim.prima2.16 - prim.prima2.15 - prim.prima2.14 - prim.prima2.13 - prim.prima2.12 - prim.prima2.11 - prim.prima2.10 - prim.prima2.9 - prim.prima2.8 - prim.prima2.7 - prim.prima2.6 - prim.prima2.5 - prim.prima2.4 - prim.prima2.3 - prim.prima2.2 - prim.prima2.1 = prim.ttt.34 - prim.ttt.33 - prim.ttt.32 - prim.ttt.31 - prim.ttt.30 - prim.ttt.29 - prim.ttt.28 - prim.ttt.27 - prim.ttt.26 - prim.ttt.25 - prim.ttt.24 - prim.ttt.23 - prim.ttt.22 - prim.ttt.21 - prim.ttt.20 - prim.ttt.19 - prim.ttt.18 - prim.ttt.17 - prim.ttt.16 - prim.ttt.15 - prim.ttt.14 - prim.ttt.13 - prim.ttt.12 - prim.ttt.11 - prim.ttt.10 - prim.ttt.9 - prim.ttt.8 - prim.ttt.7 - prim.ttt.6 - prim.ttt.5 - prim.ttt.4 - prim.ttt.3 - prim.ttt.2 - prim.ttt.1
Original length 624.14m ( 85 legs), moved   0.00m ( 0.00m/leg). Error   0.00%
0.000000
H: 0.000000 V: 0.000000

prim.drugi.7a - prim.drugi.7 - prim.drugi.6 - prim.drugi.5 - prim.drugi.4 - prim.drugi.3 - prim.drugi.2 - prim.drugi.1 = prim.prima1.21b
Original length  62.20m (  7 legs), moved   0.34m ( 0.05m/leg). Error   0.54%
1.028185
H: 0.589039 V: 1.698934

prim.drugi.10 - prim.drugi.10a - prim.drugi.10b = prim.drugi.7a
Original length  23.30m (  2 legs), moved   1.34m ( 0.67m/leg). Error   5.74%
6.997903
H: 1.118270 V: 12.532684

prim.drugi.10 - prim.drugi.11 - prim.drugi.12 - prim.drugi.13 - prim.drugi.14 - prim.drugi.15 = prim.prima1.35 - prim.prima1.34 - prim.prima1.33 - prim.prima1.32 - prim.prima1.31 - prim.prima1.30 - prim.prima1.29 - prim.prima1.28 - prim.prima1.27 - prim.prima1.26 - prim.prima1.25 - prim.prima1.24 - prim.prima1.23 - prim.prima1.22 - prim.prima1.21b
Original length 157.22m ( 19 legs), moved   1.80m ( 0.09m/leg). Error   1.14%
2.839206
H: 1.950476 V: 3.962693

prim.drugi.10 - prim.drugi.9 - prim.drugi.8 - prim.drugi.7a
Original length  23.70m (  3 legs), moved   1.21m ( 0.40m/leg). Error   5.12%
6.662252
H: 1.436576 V: 11.741209

