apollo.5 - apollo.6
Original length   9.88m (  1 legs), moved   0.00m ( 0.00m/leg). Error   0.00%
0.000000
H: 0.000000 V: 0.000000

apollo.5 - apollo.6
Original length   9.88m (  1 legs), moved   0.00m ( 0.00m/leg). Error   0.00%
0.000000
H: 0.000000 V: 0.000000

apollo.4 - apollo.5
Original length   2.52m (  1 legs), moved   0.00m ( 0.00m/leg). Error   0.00%
0.000000
H: 0.000000 V: 0.000000

apollo.4 - apollo.5
Original length   2.52m (  1 legs), moved   0.00m ( 0.00m/leg). Error   0.00%
0.000000
H: 0.000000 V: 0.000000

apollo.3 - apollo.4
Original length   3.65m (  1 legs), moved   0.00m ( 0.00m/leg). Error   0.00%
0.000000
H: 0.000000 V: 0.000000

apollo.3 - apollo.4
Original length   3.65m (  1 legs), moved   0.00m ( 0.00m/leg). Error   0.00%
0.000000
H: 0.000000 V: 0.000000

apollo.2 - apollo.3
Original length  13.30m (  1 legs), moved   0.00m ( 0.00m/leg). Error   0.00%
0.000000
H: 0.000000 V: 0.000000

apollo.2 - apollo.3
Original length  13.30m (  1 legs), moved   0.00m ( 0.00m/leg). Error   0.00%
0.000000
H: 0.000000 V: 0.000000

dreamsforthesoul.35 - dreamsforthesoul.34
Original length   8.54m (  1 legs), moved   0.00m ( 0.00m/leg). Error   0.00%
0.000000
H: 0.000000 V: 0.000000

dreamsforthesoul.35 - dreamsforthesoul.34
Original length   8.54m (  1 legs), moved   0.00m ( 0.00m/leg). Error   0.00%
0.000000
H: 0.000000 V: 0.000000

apollo.1 - apollo.2
Original length   5.55m (  1 legs), moved   0.00m ( 0.00m/leg). Error   0.00%
0.000000
H: 0.000000 V: 0.000000

apollo.1 - apollo.2
Original length   5.55m (  1 legs), moved   0.00m ( 0.00m/leg). Error   0.00%
0.000000
H: 0.000000 V: 0.000000

dreamsforthesoul.34 - dreamsforthesoul.33
Original length  12.73m (  1 legs), moved   0.00m ( 0.00m/leg). Error   0.00%
0.000000
H: 0.000000 V: 0.000000

dreamsforthesoul.34 - dreamsforthesoul.33
Original length  12.73m (  1 legs), moved   0.00m ( 0.00m/leg). Error   0.00%
0.000000
H: 0.000000 V: 0.000000

dreamsforthesoul.33 - dreamsforthesoul.32
Original length   8.94m (  1 legs), moved   0.00m ( 0.00m/leg). Error   0.00%
0.000000
H: 0.000000 V: 0.000000

dreamsforthesoul.33 - dreamsforthesoul.32
Original length   8.94m (  1 legs), moved   0.00m ( 0.00m/leg). Error   0.00%
0.000000
H: 0.000000 V: 0.000000

dreamsforthesoul.32 - dreamsforthesoul.31
Original length  23.22m (  1 legs), moved   0.00m ( 0.00m/leg). Error   0.00%
0.000000
H: 0.000000 V: 0.000000

dreamsforthesoul.32 - dreamsforthesoul.31
Original length  23.22m (  1 legs), moved   0.00m ( 0.00m/leg). Error   0.00%
0.000000
H: 0.000000 V: 0.000000

dreamsforthesoul.31 - dreamsforthesoul.30
Original length   6.77m (  1 legs), moved   0.00m ( 0.00m/leg). Error   0.00%
0.000000
H: 0.000000 V: 0.000000

dreamsforthesoul.31 - dreamsforthesoul.30
Original length   6.77m (  1 legs), moved   0.00m ( 0.00m/leg). Error   0.00%
0.000000
H: 0.000000 V: 0.000000

dreamsforthesoul.30 - dreamsforthesoul.29
Original length   5.33m (  1 legs), moved   0.00m ( 0.00m/leg). Error   0.00%
0.000000
H: 0.000000 V: 0.000000

dreamsforthesoul.30 - dreamsforthesoul.29
Original length   5.33m (  1 legs), moved   0.00m ( 0.00m/leg). Error   0.00%
0.000000
H: 0.000000 V: 0.000000

dreamsforthesoul.29 - dreamsforthesoul.28
Original length   3.45m (  1 legs), moved   0.00m ( 0.00m/leg). Error   0.00%
0.000000
H: 0.000000 V: 0.000000

dreamsforthesoul.29 - dreamsforthesoul.28
Original length   3.45m (  1 legs), moved   0.00m ( 0.00m/leg). Error   0.00%
0.000000
H: 0.000000 V: 0.000000

dreamsforthesoul.28 - dreamsforthesoul.27
Original length   1.62m (  1 legs), moved   0.00m ( 0.00m/leg). Error   0.00%
0.000000
H: 0.000000 V: 0.000000

dreamsforthesoul.28 - dreamsforthesoul.27
Original length   1.62m (  1 legs), moved   0.00m ( 0.00m/leg). Error   0.00%
0.000000
H: 0.000000 V: 0.000000

dreamsforthesoul.27 - dreamsforthesoul.26
Original length   3.70m (  1 legs), moved   0.00m ( 0.00m/leg). Error   0.00%
0.000000
H: 0.000000 V: 0.000000

dreamsforthesoul.27 - dreamsforthesoul.26
Original length   3.70m (  1 legs), moved   0.00m ( 0.00m/leg). Error   0.00%
0.000000
H: 0.000000 V: 0.000000

dreamsforthesoul.26 - dreamsforthesoul.25
Original length   6.69m (  1 legs), moved   0.00m ( 0.00m/leg). Error   0.00%
0.000000
H: 0.000000 V: 0.000000

dreamsforthesoul.26 - dreamsforthesoul.25
Original length   6.69m (  1 legs), moved   0.00m ( 0.00m/leg). Error   0.00%
0.000000
H: 0.000000 V: 0.000000

dreamsforthesoul.25 - dreamsforthesoul.24
Original length   5.41m (  1 legs), moved   0.00m ( 0.00m/leg). Error   0.00%
0.000000
H: 0.000000 V: 0.000000

dreamsforthesoul.25 - dreamsforthesoul.24
Original length   5.41m (  1 legs), moved   0.00m ( 0.00m/leg). Error   0.00%
0.000000
H: 0.000000 V: 0.000000

dreamsforthesoul.24 - dreamsforthesoul.23
Original length   2.22m (  1 legs), moved   0.00m ( 0.00m/leg). Error   0.00%
0.000000
H: 0.000000 V: 0.000000

dreamsforthesoul.24 - dreamsforthesoul.23
Original length   2.22m (  1 legs), moved   0.00m ( 0.00m/leg). Error   0.00%
0.000000
H: 0.000000 V: 0.000000

dreamsforthesoul.23 - dreamsforthesoul.22
Original length   3.73m (  1 legs), moved   0.00m ( 0.00m/leg). Error   0.00%
0.000000
H: 0.000000 V: 0.000000

dreamsforthesoul.23 - dreamsforthesoul.22
Original length   3.73m (  1 legs), moved   0.00m ( 0.00m/leg). Error   0.00%
0.000000
H: 0.000000 V: 0.000000

dreamsforthesoul.22 - dreamsforthesoul.21
Original length   3.69m (  1 legs), moved   0.00m ( 0.00m/leg). Error   0.00%
0.000000
H: 0.000000 V: 0.000000

dreamsforthesoul.22 - dreamsforthesoul.21
Original length   3.69m (  1 legs), moved   0.00m ( 0.00m/leg). Error   0.00%
0.000000
H: 0.000000 V: 0.000000

dreamsforthesoul.21 - dreamsforthesoul.18
Original length   2.86m (  1 legs), moved   0.00m ( 0.00m/leg). Error   0.00%
0.000000
H: 0.000000 V: 0.000000

dreamsforthesoul.21 - dreamsforthesoul.18
Original length   2.86m (  1 legs), moved   0.00m ( 0.00m/leg). Error   0.00%
0.000000
H: 0.000000 V: 0.000000

dreamsforthesoul.3 - dreamsforthesoul.2
Original length   7.68m (  1 legs), moved   0.00m ( 0.00m/leg). Error   0.00%
0.000000
H: 0.000000 V: 0.000000

dreamsforthesoul.3 - dreamsforthesoul.2
Original length   7.68m (  1 legs), moved   0.00m ( 0.00m/leg). Error   0.00%
0.000000
H: 0.000000 V: 0.000000

dreamsforthesoul.4 - dreamsforthesoul.3
Original length   9.46m (  1 legs), moved   0.00m ( 0.00m/leg). Error   0.00%
0.000000
H: 0.000000 V: 0.000000

dreamsforthesoul.4 - dreamsforthesoul.3
Original length   9.46m (  1 legs), moved   0.00m ( 0.00m/leg). Error   0.00%
0.000000
H: 0.000000 V: 0.000000

dreamsforthesoul.5 - dreamsforthesoul.4
Original length   3.35m (  1 legs), moved   0.00m ( 0.00m/leg). Error   0.00%
0.000000
H: 0.000000 V: 0.000000

dreamsforthesoul.5 - dreamsforthesoul.4
Original length   3.35m (  1 legs), moved   0.00m ( 0.00m/leg). Error   0.00%
0.000000
H: 0.000000 V: 0.000000

dreamsforthesoul.6 - dreamsforthesoul.5
Original length   2.74m (  1 legs), moved   0.00m ( 0.00m/leg). Error   0.00%
0.000000
H: 0.000000 V: 0.000000

dreamsforthesoul.6 - dreamsforthesoul.5
Original length   2.74m (  1 legs), moved   0.00m ( 0.00m/leg). Error   0.00%
0.000000
H: 0.000000 V: 0.000000

dreamsforthesoul.7 - dreamsforthesoul.6
Original length   2.34m (  1 legs), moved   0.00m ( 0.00m/leg). Error   0.00%
0.000000
H: 0.000000 V: 0.000000

dreamsforthesoul.7 - dreamsforthesoul.6
Original length   2.34m (  1 legs), moved   0.00m ( 0.00m/leg). Error   0.00%
0.000000
H: 0.000000 V: 0.000000

dreamsforthesoul.9 - dreamsforthesoul.7
Original length  10.03m (  1 legs), moved   0.00m ( 0.00m/leg). Error   0.00%
0.000000
H: 0.000000 V: 0.000000

dreamsforthesoul.9 - dreamsforthesoul.7
Original length  10.03m (  1 legs), moved   0.00m ( 0.00m/leg). Error   0.00%
0.000000
H: 0.000000 V: 0.000000

dreamsforthesoul.10 - dreamsforthesoul.9
Original length   6.92m (  1 legs), moved   0.00m ( 0.00m/leg). Error   0.00%
0.000000
H: 0.000000 V: 0.000000

dreamsforthesoul.10 - dreamsforthesoul.9
Original length   6.92m (  1 legs), moved   0.00m ( 0.00m/leg). Error   0.00%
0.000000
H: 0.000000 V: 0.000000

dreamsforthesoul.11 - dreamsforthesoul.10
Original length   9.37m (  1 legs), moved   0.00m ( 0.00m/leg). Error   0.00%
0.000000
H: 0.000000 V: 0.000000

dreamsforthesoul.11 - dreamsforthesoul.10
Original length   9.37m (  1 legs), moved   0.00m ( 0.00m/leg). Error   0.00%
0.000000
H: 0.000000 V: 0.000000

dreamsforthesoul.12 - dreamsforthesoul.11
Original length   8.13m (  1 legs), moved   0.00m ( 0.00m/leg). Error   0.00%
0.000000
H: 0.000000 V: 0.000000

dreamsforthesoul.12 - dreamsforthesoul.11
Original length   8.13m (  1 legs), moved   0.00m ( 0.00m/leg). Error   0.00%
0.000000
H: 0.000000 V: 0.000000

dreamsforthesoul.13 - dreamsforthesoul.12
Original length  10.40m (  1 legs), moved   0.00m ( 0.00m/leg). Error   0.00%
0.000000
H: 0.000000 V: 0.000000

dreamsforthesoul.13 - dreamsforthesoul.12
Original length  10.40m (  1 legs), moved   0.00m ( 0.00m/leg). Error   0.00%
0.000000
H: 0.000000 V: 0.000000

dreamsforthesoul.14 - dreamsforthesoul.13
Original length   5.99m (  1 legs), moved   0.00m ( 0.00m/leg). Error   0.00%
0.000000
H: 0.000000 V: 0.000000

dreamsforthesoul.14 - dreamsforthesoul.13
Original length   5.99m (  1 legs), moved   0.00m ( 0.00m/leg). Error   0.00%
0.000000
H: 0.000000 V: 0.000000

dreamsforthesoul.15 - dreamsforthesoul.14
Original length   7.73m (  1 legs), moved   0.00m ( 0.00m/leg). Error   0.00%
0.000000
H: 0.000000 V: 0.000000

dreamsforthesoul.15 - dreamsforthesoul.14
Original length   7.73m (  1 legs), moved   0.00m ( 0.00m/leg). Error   0.00%
0.000000
H: 0.000000 V: 0.000000

dreamsforthesoul.17 - dreamsforthesoul.15
Original length   9.35m (  1 legs), moved   0.00m ( 0.00m/leg). Error   0.00%
0.000000
H: 0.000000 V: 0.000000

dreamsforthesoul.17 - dreamsforthesoul.15
Original length   9.35m (  1 legs), moved   0.00m ( 0.00m/leg). Error   0.00%
0.000000
H: 0.000000 V: 0.000000

dreamsforthesoul.18 - dreamsforthesoul.17
Original length   6.22m (  1 legs), moved   0.00m ( 0.00m/leg). Error   0.00%
0.000000
H: 0.000000 V: 0.000000

dreamsforthesoul.18 - dreamsforthesoul.17
Original length   6.22m (  1 legs), moved   0.00m ( 0.00m/leg). Error   0.00%
0.000000
H: 0.000000 V: 0.000000

apollo.6 - apollo.7 - apollo.6
Original length   6.60m (  2 legs), moved   0.00m ( 0.00m/leg). Error   0.00%
0.000000
H: 0.000000 V: 0.000000

dreamsforthesoul.2 - dreamsforthesoul.1 - dreamsforthesoul.2
Original length  23.40m (  2 legs), moved   0.00m ( 0.00m/leg). Error   0.00%
0.000000
H: 0.000000 V: 0.000000

dreamsforthesoul.7 - dreamsforthesoul.8 - dreamsforthesoul.7
Original length  27.22m (  2 legs), moved   0.00m ( 0.00m/leg). Error   0.00%
0.000000
H: 0.000000 V: 0.000000

dreamsforthesoul.15 - dreamsforthesoul.16 - dreamsforthesoul.15
Original length  16.00m (  2 legs), moved   0.00m ( 0.00m/leg). Error   0.00%
0.000000
H: 0.000000 V: 0.000000

dreamsforthesoul.18 - dreamsforthesoul.19 - dreamsforthesoul.18
Original length  56.00m (  2 legs), moved   0.00m ( 0.00m/leg). Error   0.00%
0.000000
H: 0.000000 V: 0.000000

dreamsforthesoul.18 - dreamsforthesoul.20 - dreamsforthesoul.18
Original length  11.00m (  2 legs), moved   0.00m ( 0.00m/leg). Error   0.00%
0.000000
H: 0.000000 V: 0.000000

