garden-low.friend.22 - garden-low.friend.31 - garden-low.friend.32 - garden-low.friend.33 - garden-low.friend.34 - garden-low.friend.35 - garden-low.friend.36 - garden-low.friend.37 - garden-low.friend.4 - garden-low.friend.5 - garden-low.friend.6 - garden-low.friend.7 - garden-low.friend.8 - garden-low.friend.9 - garden-low.friend.10 - garden-low.friend.11 - garden-low.friend.12 - garden-low.friend.13 - garden-low.friend.14 - garden-low.friend.15 - garden-low.friend.16 - garden-low.friend.17 - garden-low.friend.3b
Original length 258.41m ( 22 legs), moved   9.83m ( 0.45m/leg). Error   3.80%
12.295983
H: 15.031954 V: 7.483585

garden-low.candymountain.2 - garden-low.candymountain.3 - garden-low.candymountain.4 - garden-low.candymountain.5 - garden-low.candymountain.6 - garden-low.candymountain.7 - garden-low.candymountain.8 - garden-low.candymountain.9 - garden-low.candymountain.10 - garden-low.candymountain.11 = garden-low.friend.23 - garden-low.friend.24 - garden-low.friend.25 - garden-low.friend.26 - garden-low.friend.27 - garden-low.friend.28 - garden-low.friend.29 - garden-low.friend.30 - garden-low.friend.22
Original length 134.93m ( 17 legs), moved   2.96m ( 0.17m/leg). Error   2.19%
6.635134
H: 7.637763 V: 3.570617

garden-low.leprachaun.31 - garden-low.leprachaun.32 - garden-low.leprachaun.33 = garden-low.highway32.1 - garden-low.highway32.2 - garden-low.highway32.3 - garden-low.highway32.4 - garden-low.highway32.5 - garden-low.highway32.6 - garden-low.highway32.7 - garden-low.highway32.8 - garden-low.highway32.9 - garden-low.highway32.10 - garden-low.highway32.11 - garden-low.highway32.12 - garden-low.highway32.13 - garden-low.highway32.14 - garden-low.highway32.15 - garden-low.highway32.16 - garden-low.highway32.22 - garden-low.highway32.23 - garden-low.highway32.24 - garden-low.highway32.25 - garden-low.highway32.26 - garden-low.highway32.27 - garden-low.highway32.28 - garden-low.highway32.29 - garden-low.highway32.30 - garden-low.highway32.31 - garden-low.highway32.32 = garden-low.candymountain.1 - garden-low.candymountain.2
Original length 181.32m ( 29 legs), moved   3.39m ( 0.12m/leg). Error   1.87%
5.384994
H: 6.402063 V: 3.102766

garden-low.mushroom.17 - garden-low.mushroom.16 - garden-low.mushroom.15 = garden-low.soda.26 - garden-low.soda.25 - garden-low.soda.24 - garden-low.soda.23 - garden-low.soda.22 - garden-low.soda.21 - garden-low.soda.20 - garden-low.soda.19 - garden-low.soda.18 - garden-low.soda.17 - garden-low.soda.16 - garden-low.soda.15 - garden-low.soda.14 - garden-low.soda.13 - garden-low.soda.12 - garden-low.soda.11 - garden-low.soda.10 - garden-low.soda.9 - garden-low.soda.8 = garden-low.stagger_lee.29 - garden-low.stagger_lee.28 - garden-low.stagger_lee.27 - garden-low.stagger_lee.26 - garden-low.stagger_lee.25 - garden-low.stagger_lee.24 - garden-low.stagger_lee.23 - garden-low.stagger_lee.22 - garden-low.stagger_lee.21 - garden-low.stagger_lee.19 - garden-low.stagger_lee.18 - garden-low.stagger_lee.17 - garden-low.stagger_lee.16 - garden-low.stagger_lee.15 - garden-low.stagger_lee.14 - garden-low.stagger_lee.13 - garden-low.stagger_lee.12 - garden-low.stagger_lee.11 - garden-low.stagger_lee.10 - garden-low.stagger_lee.9 - garden-low.stagger_lee.8 - garden-low.stagger_lee.7 - garden-low.stagger_lee.6 - garden-low.stagger_lee.5 - garden-low.stagger_lee.4 - garden-low.stagger_lee.2 - garden-low.stagger_lee.3 = garden-low.candymountain.2
Original length 235.09m ( 46 legs), moved   7.49m ( 0.16m/leg). Error   3.18%
11.324236
H: 12.085244 V: 9.431504

garden-low.cascade.27 - garden-low.cascade.28 - garden-low.cascade.13 - garden-low.cascade.14 - garden-low.cascade.15 - garden-low.cascade.16 - garden-low.cascade.17 - garden-low.cascade.18 - garden-low.cascade.19 - garden-low.cascade.20 - garden-low.cascade.21 - garden-low.cascade.1 - garden-low.cascade.2 - garden-low.cascade.3 - garden-low.cascade.4 - garden-low.cascade.5 - garden-low.cascade.6 - garden-low.cascade.7 - garden-low.cascade.8 - garden-low.cascade.9 - garden-low.cascade.10 - garden-low.cascade.11 - garden-low.cascade.12 = garden-low.leprachaun.31
Original length 110.37m ( 22 legs), moved   2.94m ( 0.13m/leg). Error   2.67%
6.426918
H: 6.595840 V: 6.101163

garden-low.crack_in_time.carbide - garden-low.crack_in_time.1 - garden-low.crack_in_time.2 - garden-low.crack_in_time.3 - garden-low.crack_in_time.4 - garden-low.crack_in_time.5 - garden-low.crack_in_time.6 - garden-low.crack_in_time.7 - garden-low.crack_in_time.8 - garden-low.crack_in_time.9 = garden-low.sidewinder.8 - garden-low.sidewinder.7 - garden-low.sidewinder.6 - garden-low.sidewinder.5 - garden-low.sidewinder.4 - garden-low.sidewinder.3 - garden-low.sidewinder.2 - garden-low.sidewinder.1 = garden-low.blackknight.13 - garden-low.blackknight.12 - garden-low.blackknight.11 - garden-low.blackknight.10 - garden-low.blackknight.9 - garden-low.blackknight.8 - garden-low.blackknight.7 - garden-low.blackknight.6 - garden-low.blackknight.5 - garden-low.blackknight.4 - garden-low.blackknight.1 - garden-low.blackknight.14 - garden-low.blackknight.15 - garden-low.blackknight.16 - garden-low.blackknight.17 = garden-low.korita.14 - garden-low.korita.15 - garden-low.korita.16 - garden-low.korita.17 - garden-low.korita.18 - garden-low.korita.5 - garden-low.korita.6 - garden-low.korita.7 - garden-low.korita.8 - garden-low.korita.9 - garden-low.korita.10 - garden-low.korita.11 - garden-low.korita.12 - garden-low.korita.3 - garden-low.korita.2 - garden-low.korita.1 = garden-low.eggsplosive.1 - garden-low.eggsplosive.2 - garden-low.eggsplosive.3 - garden-low.eggsplosive.4 - garden-low.eggsplosive.5 - garden-low.eggsplosive.6 - garden-low.eggsplosive.7 - garden-low.eggsplosive.8 - garden-low.eggsplosive.9 - garden-low.eggsplosive.10 - garden-low.eggsplosive.11 = garden-low.belowzimmer.7 - garden-low.belowzimmer.8 - garden-low.belowzimmer.9 - garden-low.belowzimmer.10 - garden-low.belowzimmer.6 - garden-low.belowzimmer.5 - garden-low.belowzimmer.2 - garden-low.belowzimmer.1 - garden-low.belowzimmer.3 - garden-low.belowzimmer.4 = garden-low.friend.3b
Original length 332.35m ( 64 legs), moved   8.03m ( 0.13m/leg). Error   2.42%
10.481402
H: 11.851757 V: 7.049045

garden-low.envy.3 - garden-low.envy.4 - garden-low.envy.5 - garden-low.envy.6 - garden-low.envy.7 - garden-low.envy.8 - garden-low.envy.9 - garden-low.envy.10 - garden-low.envy.11 - garden-low.envy.12 = garden-low.mad_cow.45 - garden-low.mad_cow.44 - garden-low.mad_cow.43 - garden-low.mad_cow.42 - garden-low.mad_cow.41 - garden-low.mad_cow.40 - garden-low.mad_cow.39 - garden-low.mad_cow.38 - garden-low.mad_cow.37 - garden-low.mad_cow.36 - garden-low.mad_cow.35 - garden-low.mad_cow.34 - garden-low.mad_cow.33 - garden-low.mad_cow.32 - garden-low.mad_cow.31 - garden-low.mad_cow.30 - garden-low.mad_cow.29 - garden-low.mad_cow.28 - garden-low.mad_cow.27 - garden-low.mad_cow.26 - garden-low.mad_cow.25 - garden-low.mad_cow.24 - garden-low.mad_cow.23 - garden-low.mad_cow.22 - garden-low.mad_cow.21 - garden-low.mad_cow.20 - garden-low.mad_cow.19 - garden-low.mad_cow.18 - garden-low.mad_cow.17 - garden-low.mad_cow.16 - garden-low.mad_cow.15 - garden-low.mad_cow.14 = garden-low.weepeople.24 - garden-low.weepeople.23 - garden-low.weepeople.22 - garden-low.weepeople.21 - garden-low.weepeople.20 - garden-low.weepeople.19 - garden-low.weepeople.18 - garden-low.weepeople.17 - garden-low.weepeople.16 - garden-low.weepeople.15 - garden-low.weepeople.14 - garden-low.weepeople.13 - garden-low.weepeople.12 - garden-low.weepeople.11 - garden-low.weepeople.10 - garden-low.weepeople.9 - garden-low.weepeople.8 - garden-low.weepeople.7 - garden-low.weepeople.6 - garden-low.weepeople.5 - garden-low.weepeople.4 - garden-low.weepeople.3 - garden-low.weepeople.2 - garden-low.weepeople.1 - garden-low.weepeople.25 - garden-low.weepeople.26 = garden-low.leprachaun.18 - garden-low.leprachaun.17 - garden-low.leprachaun.16 - garden-low.leprachaun.15 - garden-low.leprachaun.14 - garden-low.leprachaun.13 - garden-low.leprachaun.12 - garden-low.leprachaun.11 - garden-low.leprachaun.10 - garden-low.leprachaun.9 - garden-low.leprachaun.8 - garden-low.leprachaun.7 - garden-low.leprachaun.6 - garden-low.leprachaun.5 - garden-low.leprachaun.4 - garden-low.leprachaun.3 - garden-low.leprachaun.2 - garden-low.leprachaun.1 - garden-low.leprachaun.19 - garden-low.leprachaun.20 - garden-low.leprachaun.21 - garden-low.leprachaun.22 - garden-low.leprachaun.23 - garden-low.leprachaun.24 - garden-low.leprachaun.25 - garden-low.leprachaun.26 - garden-low.leprachaun.27 - garden-low.leprachaun.28 - garden-low.leprachaun.29 - garden-low.leprachaun.30 - garden-low.leprachaun.31
Original length 796.74m ( 95 legs), moved   8.83m ( 0.09m/leg). Error   1.11%
6.389081
H: 2.369308 V: 9.571497

garden-low.envy.3 - garden-low.envy.2 - garden-low.envy.1 = garden-low.greed.3 - garden-low.greed.4 - garden-low.greed.5 - garden-low.greed.6 - garden-low.greed.7 - garden-low.greed.8 - garden-low.greed.9 - garden-low.greed.10 - garden-low.greed.11 - garden-low.greed.12 - garden-low.greed.13 - garden-low.greed.14 - garden-low.greed.15 - garden-low.greed.16 - garden-low.greed.17 - garden-low.greed.18 - garden-low.greed.19 - garden-low.greed.20 - garden-low.greed.21 - garden-low.greed.22 - garden-low.greed.23 = garden-low.cascade.22 - garden-low.cascade.23 - garden-low.cascade.24 - garden-low.cascade.25 - garden-low.cascade.26 - garden-low.cascade.27
Original length 150.62m ( 27 legs), moved   3.40m ( 0.13m/leg). Error   2.26%
6.337415
H: 7.831379 V: 1.033625

garden-low.friend.3b - garden-low.friend.3 - garden-low.friend.2 - garden-low.friend.1
Original length  26.73m (  3 legs), moved   0.00m ( 0.00m/leg). Error   0.00%
0.000000
H: 0.000000 V: 0.000000

garden-low.consort.14 - garden-low.consort.17 - garden-low.consort.16 - garden-low.consort.15 - garden-low.consort.12
Original length  23.97m (  4 legs), moved   0.91m ( 0.23m/leg). Error   3.79%
4.444720
H: 5.093185 V: 2.904493

garden-low.consort.14 - garden-low.consort.13 - garden-low.consort.12
Original length  13.45m (  2 legs), moved   0.59m ( 0.30m/leg). Error   4.41%
3.522931
H: 4.376854 V: 0.501542

garden-low.roundpond.2 - garden-low.roundpond.3 - garden-low.roundpond.4 - garden-low.roundpond.5 - garden-low.roundpond.2
Original length  12.44m (  4 legs), moved   0.41m ( 0.10m/leg). Error   3.32%
2.540502
H: 2.541643 V: 2.538020

garden-low.roundpond.2 - garden-low.roundpond.6 = garden-low.itwillrain.1 - garden-low.itwillrain.2 - garden-low.itwillrain.3 - garden-low.itwillrain.4 - garden-low.itwillrain.5 - garden-low.itwillrain.6 - garden-low.itwillrain.7 - garden-low.itwillrain.8 - garden-low.itwillrain.9 = garden-low.serpentine.1 - garden-low.serpentine.2 - garden-low.serpentine.3 - garden-low.serpentine.4 - garden-low.serpentine.5 - garden-low.serpentine.6 - garden-low.serpentine.7 - garden-low.serpentine.8 - garden-low.serpentine.9 - garden-low.serpentine.10 - garden-low.serpentine.11 = garden-low.consort.5 - garden-low.consort.4 - garden-low.consort.3 - garden-low.consort.6 - garden-low.consort.7 - garden-low.consort.9 - garden-low.consort.11 - 
Original length 180.97m ( 26 legs), moved   0.00m ( 0.00m/leg). Error   0.00%
0.000000
H: 0.000000 V: 0.000000

garden-low.longwater.1 - garden-low.longwater.7 - garden-low.longwater.2 - garden-low.longwater.3 - garden-low.longwater.4 - 
Original length  16.26m (  5 legs), moved   1.16m ( 0.23m/leg). Error   7.10%
6.435299
H: 7.505474 V: 3.186186

garden-low.xanadu.1 - garden-low.xanadu.4 - garden-low.xanadu.5 - garden-low.xanadu.6 - garden-low.xanadu.7 - garden-low.xanadu.8 - garden-low.xanadu.1
Original length  24.91m (  6 legs), moved   1.99m ( 0.33m/leg). Error   8.00%
8.927598
H: 1.129543 V: 14.793274

