surf.00.s1.m10 - surf.00.s1.18
Original length  21.24m (  1 shots), moved   0.48m ( 0.48m/shot). Error   2.27%
1.791768
H: 1.393631 V: 2.152895

surf.96.s1.9 - surf.96.s1.8 - surf.96.s1.7 - surf.96.s1.6 - surf.96.s1.5 - surf.96.s1.4 - surf.96.s1.1
Original length 155.10m (  6 shots), moved   4.54m ( 0.76m/shot). Error   2.93%
5.692979
H: 3.431054 V: 7.426014

surf.00.s4.ub - surf.00.s4.2 - surf.00.s4.3 - surf.00.s4.4 - surf.00.s4.5 - surf.00.s4.6 - surf.00.s4.7 - surf.00.s4.8 - surf.00.s4.pm = surf.07.surf_prima_planika.7 - surf.07.surf_prima_planika.8 - surf.07.surf_prima_planika.9 - surf.07.surf_prima_planika.10 - surf.07.surf_prima_planika.11 - surf.07.surf_prima_planika.12 - surf.07.surf_prima_planika.6 - surf.07.surf_prima_planika.5 - surf.07.surf_prima_planika.4 - surf.07.surf_prima_planika.3 - surf.07.surf_prima_planika.2 - surf.07.surf_prima_planika.1 = surf.07.surf_ubend_planika.14 - surf.07.surf_ubend_planika.13 - surf.07.surf_ubend_planika.12 - surf.07.surf_ubend_planika.11 - surf.07.surf_ubend_planika.10 - surf.07.surf_ubend_planika.8 - surf.07.surf_ubend_planika.7 - surf.07.surf_ubend_planika.6 - surf.07.surf_ubend_planika.5 - surf.07.surf_ubend_planika.4 - surf.07.surf_ubend_planika.3 - surf.07.surf_ubend_planika.2 - surf.07.surf_ubend_planika.1 = surf.00.s4.ub
Original length 523.76m ( 31 shots), moved   8.48m ( 0.27m/shot). Error   1.62%
6.736124
H: 7.499122 V: 5.249909

surf.96.s1.m10 - surf.96.s1.17 - surf.96.s1.16 - surf.96.s1.15 - surf.96.s1.14 - surf.96.s1.11 - 
Original length 122.09m (  6 shots), moved   2.74m ( 0.46m/shot). Error   2.24%
3.894382
H: 1.860672 V: 5.281491

surf.96.s1.m16 - surf.96.s1.12 - surf.96.s1.9
Original length  26.66m (  2 shots), moved   0.13m ( 0.06m/shot). Error   0.48%
0.520992
H: 0.678828 V: 0.127204

surf.00.s1.m16 - surf.00.s1.26 - surf.00.s1.25 - surf.00.s1.24 - surf.00.s1.23 - surf.00.s1.22 - surf.00.s1.21 - surf.00.s1.20 - surf.00.s1.18
Original length 157.90m (  8 shots), moved   5.77m ( 0.72m/shot). Error   3.66%
7.221348
H: 8.931927 V: 4.611947

surf.96.s2.m15 - surf.96.s2.9
Original length  17.43m (  1 shots), moved   0.19m ( 0.19m/shot). Error   1.10%
0.877775
H: 1.035813 V: 0.614159

surf.01.s0725.m4 - surf.01.s0725.18 - surf.01.s0725.19 - surf.01.s0725.20 - surf.01.s0725.21 - surf.01.s0725.22 - surf.01.s0725.23 - surf.01.s0725.24 - surf.01.s0725.25 - surf.01.s0725.26 - surf.01.s0725.m15
Original length 165.13m ( 10 shots), moved   0.42m ( 0.04m/shot). Error   0.25%
0.578571
H: 0.767203 V: 0.146607

surf.01.s0725.m4 - surf.01.s0725.16 - surf.01.s0725.15 - surf.01.s0725.14 - surf.01.s0725.13 - surf.01.s0725.12 - surf.01.s0725.11 - surf.01.s0725.10 - surf.01.s0725.9 - surf.01.s0725.8 - surf.01.s0725.7 - surf.01.s0725.6 - surf.01.s0725.5 - surf.01.s0725.4 - surf.01.s0725.3 - surf.01.s0725.2 - surf.01.s0725.m10
Original length 206.94m ( 16 shots), moved   5.15m ( 0.32m/shot). Error   2.49%
7.014710
H: 4.673678 V: 9.291326

surf.01.sm10_rv_m17.10 - surf.01.sm10_rv_m17.12 - surf.01.sm10_rv_m17.13 - surf.01.sm10_rv_m17.14 - surf.01.sm10_rv_m17.15 - surf.01.sm10_rv_m17.m17 = surf.96.s2.m17 - surf.96.s2.2 - surf.96.s2.3 - surf.96.s2.4 - surf.96.s2.6 - surf.96.s2.7 - surf.96.s2.8 - surf.96.s2.9
Original length 247.99m ( 12 shots), moved   2.98m ( 0.25m/shot). Error   1.20%
2.895772
H: 3.874918 V: 1.019120

surf.01.sm10_rv_m17.10 - surf.01.sm10_rv_m17.m15 = surf.01.s0725.m15
Original length   5.98m (  1 shots), moved   0.03m ( 0.03m/shot). Error   0.42%
0.246740
H: 0.290095 V: 0.127618

surf.01.sm10_rv_m17.10 - surf.01.sm10_rv_m17.9 - surf.01.sm10_rv_m17.8 - surf.01.sm10_rv_m17.7 - surf.01.sm10_rv_m17.6 - surf.01.sm10_rv_m17.5 - surf.01.sm10_rv_m17.4 - surf.01.sm10_rv_m17.3 - surf.01.sm10_rv_m17.2 - surf.01.sm10_rv_m17.m10 = surf.01.s0725.m10
Original length 251.82m (  9 shots), moved   3.11m ( 0.35m/shot). Error   1.24%
2.696466
H: 3.556421 V: 1.231903

surf.01.sm16_m4_m18.6 - surf.01.sm16_m4_m18.14 - surf.01.sm16_m4_m18.15 - surf.01.sm16_m4_m18.16 - surf.01.sm16_m4_m18.17 - surf.01.sm16_m4_m18.18 - surf.01.sm16_m4_m18.19 - surf.01.sm16_m4_m18.m18 = surf.00.s2.m18 = surf.96.s1.m18 - surf.96.s1.1
Original length 103.60m (  8 shots), moved   1.88m ( 0.24m/shot). Error   1.82%
3.562366
H: 2.155736 V: 4.799299

surf.01.sm16_m4_m18.6 - surf.01.sm16_m4_m18.7 - surf.01.sm16_m4_m18.8 - surf.01.sm16_m4_m18.9 - surf.01.sm16_m4_m18.12 - surf.01.sm16_m4_m18.m4 = surf.01.s0725.m4
Original length  60.79m (  5 shots), moved   1.76m ( 0.35m/shot). Error   2.89%
4.452937
H: 3.907681 V: 5.051590

surf.01.sm16_m4_m18.6 - surf.01.sm16_m4_m18.5 - surf.01.sm16_m4_m18.4 - surf.01.sm16_m4_m18.3 - surf.01.sm16_m4_m18.2 - surf.01.sm16_m4_m18.m16 = surf.00.s1.m16
Original length  87.16m (  5 shots), moved   2.81m ( 0.56m/shot). Error   3.22%
5.174411
H: 6.950706 V: 1.428140

surf.96.s2.m10 - surf.96.s2.22 - surf.96.s2.21 - surf.96.s2.20 - surf.96.s2.19 - surf.96.s2.16 - surf.96.s2.15 - surf.96.s2.14 - surf.96.s2.13 - surf.96.s2.12 - surf.96.s2.11 - surf.96.s2.9
Original length 254.92m ( 11 shots), moved   2.04m ( 0.19m/shot). Error   0.80%
2.067700
H: 2.532989 V: 1.381924

