system.m16ent.hotline.18 - system.m16ent.hotline.17 - system.m16ent.hotline.16 - system.m16ent.hotline.6 - system.m16ent.hotline.4 - system.m16ent.hotline.3 - system.m16ent.hotline.13 - system.m16ent.hotline.14 - system.m16ent.hotline.15 = system.m16ent.brezno.48 - system.m16ent.brezno.49 - system.m16ent.brezno.50
Original length 113.59m ( 10 legs), moved   1.69m ( 0.17m/leg). Error   1.49%
3.508445
H: 3.982050 V: 2.609010

system.m16low.galact2.4 - system.m16low.galact2.5 - system.m16low.galact2.6 - system.m16low.galact2.7 - system.m16low.galact2.8 - system.m16low.galact2.9 - system.m16low.galact2.10 = system.m16low.galact1.8 - system.m16low.galact1.7 - system.m16low.galact1.6 - system.m16low.galact1.5 - system.m16low.galact1.4 - system.m16low.galact1.3 - system.m16low.galact1.2 - system.m16low.galact1.1 = system.m16low.tamoka.3 - system.m16low.tamoka.2 - system.m16low.tamoka.1 = system.m16low.shordrop2.6 - system.m16low.shordrop2.5 - system.m16low.shordrop2.4 - system.m16low.shordrop2.3 - system.m16low.shordrop2.2 - system.m16low.shordrop2.1 = system.m16low.shordrop.1 - system.m16low.shordrop.2 - system.m16low.shordrop.3 - system.m16low.shordrop.4 - system.m16low.shordrop.5 - system.m16low.shordrop.6 - system.m16low.shordrop.7
Original length 250.28m ( 26 legs), moved   0.00m ( 0.00m/leg). Error   0.00%
0.000000
H: 0.000000 V: 0.000000

system.m16low.galact3.1 - system.m16low.galact3.2 - system.m16low.galact3.3 - system.m16low.galact3.4 - system.m16low.galact3.6 - system.m16low.galact3.7 - system.m16low.galact3.8 - system.m16low.galact3.9 - system.m16low.galact3.10 - system.m16low.galact3.11 - system.m16low.galact3.12 - system.m16low.galact3.13 - system.m16low.galact3.15 - system.m16low.galact3.16 - system.m16low.galact3.1
Original length 245.56m ( 14 legs), moved   7.12m ( 0.51m/leg). Error   2.90%
8.093542
H: 3.980554 V: 11.356347

system.m16low.galact2.1 - system.m16low.galact2.2 - system.m16low.galact2.3 - system.m16low.galact2.4
Original length  50.81m (  3 legs), moved   0.00m ( 0.00m/leg). Error   0.00%
0.000000
H: 0.000000 V: 0.000000

system.m16low.galact4.1 - system.m16low.galact4.2 - system.m16low.galact4.3 - system.m16low.galact4.4 - system.m16low.galact4.5 - system.m16low.galact4.6 - system.m16low.galact4.7 - system.m16low.galact4.8 - system.m16low.galact4.9 - system.m16low.galact4.1
Original length  88.42m (  9 legs), moved   1.46m ( 0.16m/leg). Error   1.65%
3.270734
H: 3.916508 V: 2.048318

