\BOOKMARK [1][-]{section.1}{Expedition Overview}{}
\BOOKMARK [1][-]{section.2}{Tolminski Migovec Exploration Background}{}
\BOOKMARK [1][-]{section.3}{Expedition logistics}{}
\BOOKMARK [2][-]{subsection.3.1}{Caving Logistics}{section.3}
\BOOKMARK [2][-]{subsection.3.2}{Expedition Talks}{section.3}
\BOOKMARK [1][-]{section.4}{Expedition Findings}{}
\BOOKMARK [2][-]{subsection.4.1}{Leopard \204 1.5km of new passage}{section.4}
\BOOKMARK [3][-]{subsubsection.4.1.1}{Wonderland}{subsection.4.1}
\BOOKMARK [3][-]{subsubsection.4.1.2}{Prince Consort Road}{subsection.4.1}
\BOOKMARK [3][-]{subsubsection.4.1.3}{The Palace of King Minos}{subsection.4.1}
\BOOKMARK [2][-]{subsection.4.2}{Tolminska Korita}{section.4}
\BOOKMARK [3][-]{subsubsection.4.2.1}{Sidewinder, Crack in Time}{subsection.4.2}
\BOOKMARK [3][-]{subsubsection.4.2.2}{White Bishop, Stalemate}{subsection.4.2}
\BOOKMARK [2][-]{subsection.4.3}{Roaring Floor Tease \(Muddy Window off Happy Monday\)}{section.4}
\BOOKMARK [2][-]{subsection.4.4}{Deep Leads \(Below Big Rock Candy Mountain\)}{section.4}
\BOOKMARK [3][-]{subsubsection.4.4.1}{Insomnia - Republika Streamway}{subsection.4.4}
\BOOKMARK [3][-]{subsubsection.4.4.2}{Balamory}{subsection.4.4}
\BOOKMARK [2][-]{subsection.4.5}{M2 \204 Kavkna Jama}{section.4}
\BOOKMARK [1][-]{section.5}{Exploration Outlook}{}
\BOOKMARK [2][-]{subsection.5.1}{Migovec's Long Term Prospects}{section.5}
\BOOKMARK [1][-]{section.6}{Sponsorship and Thanks}{}
\BOOKMARK [1][-]{section.7}{Conclusion}{}
\BOOKMARK [1][-]{section.8}{Supporting Information}{}
\BOOKMARK [2][-]{subsection.8.1}{Rope Testing}{section.8}
\BOOKMARK [2][-]{subsection.8.2}{Expedition Photos}{section.8}
\BOOKMARK [2][-]{subsection.8.3}{Surveyed Discoveries}{section.8}
\BOOKMARK [3][-]{subsubsection.8.3.1}{Vrtnarija Loop Closures}{subsection.8.3}
\BOOKMARK [2][-]{subsection.8.4}{Alex Pitcher Awards}{section.8}
\BOOKMARK [3][-]{subsubsection.8.4.1}{Myles Denton}{subsection.8.4}
\BOOKMARK [3][-]{subsubsection.8.4.2}{Kate Smith}{subsection.8.4}
\BOOKMARK [1][-]{section.9}{Rainfall Response of Vrtnarija}{}
\BOOKMARK [2][-]{subsection.9.1}{Vrtnarija Main Pitch Series}{section.9}
\BOOKMARK [3][-]{subsubsection.9.1.1}{Laurel to Pico}{subsection.9.1}
\BOOKMARK [3][-]{subsubsection.9.1.2}{Pico to Pink}{subsection.9.1}
\BOOKMARK [3][-]{subsubsection.9.1.3}{Pink to Zimmer}{subsection.9.1}
\BOOKMARK [3][-]{subsubsection.9.1.4}{Leopard}{subsection.9.1}
\BOOKMARK [3][-]{subsubsection.9.1.5}{Korita}{subsection.9.1}
\BOOKMARK [3][-]{subsubsection.9.1.6}{Republica}{subsection.9.1}
